{"/home/av/Documents/TFG/real-time-example/src/config/config.js": {"path":"/home/av/Documents/TFG/real-time-example/src/config/config.js","statementMap":{"0":{"start":{"line":1,"column":0},"end":{"line":1,"column":27}},"1":{"start":{"line":3,"column":0},"end":{"line":17,"column":2}}},"fnMap":{},"branchMap":{"0":{"loc":{"start":{"line":4,"column":8},"end":{"line":4,"column":32}},"type":"binary-expr","locations":[{"start":{"line":4,"column":8},"end":{"line":4,"column":24}},{"start":{"line":4,"column":28},"end":{"line":4,"column":32}}],"line":4},"1":{"loc":{"start":{"line":5,"column":15},"end":{"line":5,"column":52}},"type":"binary-expr","locations":[{"start":{"line":5,"column":15},"end":{"line":5,"column":35}},{"start":{"line":5,"column":39},"end":{"line":5,"column":52}}],"line":5},"2":{"loc":{"start":{"line":7,"column":12},"end":{"line":7,"column":79}},"type":"binary-expr","locations":[{"start":{"line":7,"column":12},"end":{"line":7,"column":34}},{"start":{"line":7,"column":38},"end":{"line":7,"column":79}}],"line":7},"3":{"loc":{"start":{"line":11,"column":10},"end":{"line":11,"column":47}},"type":"binary-expr","locations":[{"start":{"line":11,"column":10},"end":{"line":11,"column":32}},{"start":{"line":11,"column":36},"end":{"line":11,"column":47}}],"line":11},"4":{"loc":{"start":{"line":12,"column":10},"end":{"line":12,"column":40}},"type":"binary-expr","locations":[{"start":{"line":12,"column":10},"end":{"line":12,"column":32}},{"start":{"line":12,"column":36},"end":{"line":12,"column":40}}],"line":12},"5":{"loc":{"start":{"line":15,"column":11},"end":{"line":15,"column":42}},"type":"binary-expr","locations":[{"start":{"line":15,"column":11},"end":{"line":15,"column":32}},{"start":{"line":15,"column":36},"end":{"line":15,"column":42}}],"line":15}},"s":{"0":0,"1":0},"f":{},"b":{"0":[0,0],"1":[0,0],"2":[0,0],"3":[0,0],"4":[0,0],"5":[0,0]}}
,"/home/av/Documents/TFG/real-time-example/src/middleware/auth.js": {"path":"/home/av/Documents/TFG/real-time-example/src/middleware/auth.js","statementMap":{"0":{"start":{"line":1,"column":12},"end":{"line":1,"column":35}},"1":{"start":{"line":2,"column":15},"end":{"line":2,"column":42}},"2":{"start":{"line":3,"column":15},"end":{"line":3,"column":41}},"3":{"start":{"line":4,"column":21},"end":{"line":4,"column":49}},"4":{"start":{"line":7,"column":21},"end":{"line":7,"column":30}},"5":{"start":{"line":8,"column":35},"end":{"line":8,"column":37}},"6":{"start":{"line":9,"column":26},"end":{"line":9,"column":35}},"7":{"start":{"line":16,"column":23},"end":{"line":40,"column":1}},"8":{"start":{"line":17,"column":14},"end":{"line":17,"column":24}},"9":{"start":{"line":19,"column":2},"end":{"line":22,"column":3}},"10":{"start":{"line":20,"column":4},"end":{"line":20,"column":55}},"11":{"start":{"line":21,"column":4},"end":{"line":21,"column":17}},"12":{"start":{"line":24,"column":15},"end":{"line":24,"column":35}},"13":{"start":{"line":27,"column":2},"end":{"line":32,"column":3}},"14":{"start":{"line":28,"column":4},"end":{"line":28,"column":19}},"15":{"start":{"line":29,"column":4},"end":{"line":29,"column":25}},"16":{"start":{"line":30,"column":4},"end":{"line":30,"column":31}},"17":{"start":{"line":31,"column":4},"end":{"line":31,"column":17}},"18":{"start":{"line":35,"column":2},"end":{"line":35,"column":15}},"19":{"start":{"line":36,"column":2},"end":{"line":36,"column":29}},"20":{"start":{"line":39,"column":2},"end":{"line":39,"column":49}},"21":{"start":{"line":47,"column":27},"end":{"line":55,"column":1}},"22":{"start":{"line":48,"column":2},"end":{"line":54,"column":3}},"23":{"start":{"line":49,"column":24},"end":{"line":49,"column":68}},"24":{"start":{"line":50,"column":4},"end":{"line":50,"column":25}},"25":{"start":{"line":52,"column":4},"end":{"line":52,"column":87}},"26":{"start":{"line":53,"column":4},"end":{"line":53,"column":17}},"27":{"start":{"line":62,"column":27},"end":{"line":129,"column":1}},"28":{"start":{"line":63,"column":2},"end":{"line":128,"column":3}},"29":{"start":{"line":65,"column":21},"end":{"line":66,"column":44}},"30":{"start":{"line":69,"column":4},"end":{"line":72,"column":5}},"31":{"start":{"line":70,"column":6},"end":{"line":70,"column":80}},"32":{"start":{"line":71,"column":6},"end":{"line":71,"column":74}},"33":{"start":{"line":75,"column":18},"end":{"line":76,"column":70}},"34":{"start":{"line":78,"column":4},"end":{"line":81,"column":5}},"35":{"start":{"line":79,"column":6},"end":{"line":79,"column":90}},"36":{"start":{"line":80,"column":6},"end":{"line":80,"column":56}},"37":{"start":{"line":84,"column":24},"end":{"line":84,"column":55}},"38":{"start":{"line":85,"column":4},"end":{"line":88,"column":5}},"39":{"start":{"line":86,"column":6},"end":{"line":86,"column":93}},"40":{"start":{"line":87,"column":6},"end":{"line":87,"column":47}},"41":{"start":{"line":91,"column":20},"end":{"line":94,"column":6}},"42":{"start":{"line":97,"column":4},"end":{"line":100,"column":5}},"43":{"start":{"line":98,"column":6},"end":{"line":98,"column":88}},"44":{"start":{"line":99,"column":6},"end":{"line":99,"column":47}},"45":{"start":{"line":103,"column":4},"end":{"line":103,"column":26}},"46":{"start":{"line":104,"column":4},"end":{"line":104,"column":36}},"47":{"start":{"line":105,"column":4},"end":{"line":105,"column":31}},"48":{"start":{"line":107,"column":4},"end":{"line":113,"column":30}},"49":{"start":{"line":115,"column":4},"end":{"line":115,"column":11}},"50":{"start":{"line":118,"column":4},"end":{"line":124,"column":5}},"51":{"start":{"line":119,"column":6},"end":{"line":119,"column":94}},"52":{"start":{"line":120,"column":6},"end":{"line":120,"column":47}},"53":{"start":{"line":121,"column":11},"end":{"line":124,"column":5}},"54":{"start":{"line":122,"column":6},"end":{"line":122,"column":91}},"55":{"start":{"line":123,"column":6},"end":{"line":123,"column":47}},"56":{"start":{"line":126,"column":4},"end":{"line":126,"column":90}},"57":{"start":{"line":127,"column":4},"end":{"line":127,"column":46}},"58":{"start":{"line":137,"column":23},"end":{"line":153,"column":1}},"59":{"start":{"line":138,"column":2},"end":{"line":152,"column":3}},"60":{"start":{"line":140,"column":20},"end":{"line":140,"column":37}},"61":{"start":{"line":143,"column":16},"end":{"line":145,"column":12}},"62":{"start":{"line":147,"column":4},"end":{"line":147,"column":60}},"63":{"start":{"line":148,"column":4},"end":{"line":148,"column":16}},"64":{"start":{"line":150,"column":4},"end":{"line":150,"column":85}},"65":{"start":{"line":151,"column":4},"end":{"line":151,"column":17}},"66":{"start":{"line":156,"column":0},"end":{"line":163,"column":26}},"67":{"start":{"line":157,"column":14},"end":{"line":157,"column":24}},"68":{"start":{"line":158,"column":2},"end":{"line":162,"column":3}},"69":{"start":{"line":159,"column":4},"end":{"line":161,"column":5}},"70":{"start":{"line":160,"column":6},"end":{"line":160,"column":30}},"71":{"start":{"line":165,"column":0},"end":{"line":168,"column":2}}},"fnMap":{"0":{"name":"(anonymous_0)","decl":{"start":{"line":16,"column":23},"end":{"line":16,"column":24}},"loc":{"start":{"line":16,"column":31},"end":{"line":40,"column":1}},"line":16},"1":{"name":"(anonymous_1)","decl":{"start":{"line":47,"column":27},"end":{"line":47,"column":28}},"loc":{"start":{"line":47,"column":44},"end":{"line":55,"column":1}},"line":47},"2":{"name":"(anonymous_2)","decl":{"start":{"line":62,"column":27},"end":{"line":62,"column":28}},"loc":{"start":{"line":62,"column":51},"end":{"line":129,"column":1}},"line":62},"3":{"name":"(anonymous_3)","decl":{"start":{"line":137,"column":23},"end":{"line":137,"column":24}},"loc":{"start":{"line":137,"column":55},"end":{"line":153,"column":1}},"line":137},"4":{"name":"(anonymous_4)","decl":{"start":{"line":156,"column":12},"end":{"line":156,"column":13}},"loc":{"start":{"line":156,"column":18},"end":{"line":163,"column":1}},"line":156}},"branchMap":{"0":{"loc":{"start":{"line":19,"column":2},"end":{"line":22,"column":3}},"type":"if","locations":[{"start":{"line":19,"column":2},"end":{"line":22,"column":3}},{"start":{},"end":{}}],"line":19},"1":{"loc":{"start":{"line":27,"column":2},"end":{"line":32,"column":3}},"type":"if","locations":[{"start":{"line":27,"column":2},"end":{"line":32,"column":3}},{"start":{},"end":{}}],"line":27},"2":{"loc":{"start":{"line":65,"column":21},"end":{"line":66,"column":44}},"type":"binary-expr","locations":[{"start":{"line":65,"column":21},"end":{"line":65,"column":64}},{"start":{"line":66,"column":20},"end":{"line":66,"column":44}}],"line":65},"3":{"loc":{"start":{"line":69,"column":4},"end":{"line":72,"column":5}},"type":"if","locations":[{"start":{"line":69,"column":4},"end":{"line":72,"column":5}},{"start":{},"end":{}}],"line":69},"4":{"loc":{"start":{"line":75,"column":18},"end":{"line":76,"column":70}},"type":"binary-expr","locations":[{"start":{"line":75,"column":18},"end":{"line":75,"column":45}},{"start":{"line":76,"column":17},"end":{"line":76,"column":70}}],"line":75},"5":{"loc":{"start":{"line":78,"column":4},"end":{"line":81,"column":5}},"type":"if","locations":[{"start":{"line":78,"column":4},"end":{"line":81,"column":5}},{"start":{},"end":{}}],"line":78},"6":{"loc":{"start":{"line":85,"column":4},"end":{"line":88,"column":5}},"type":"if","locations":[{"start":{"line":85,"column":4},"end":{"line":88,"column":5}},{"start":{},"end":{}}],"line":85},"7":{"loc":{"start":{"line":97,"column":4},"end":{"line":100,"column":5}},"type":"if","locations":[{"start":{"line":97,"column":4},"end":{"line":100,"column":5}},{"start":{},"end":{}}],"line":97},"8":{"loc":{"start":{"line":97,"column":8},"end":{"line":97,"column":37}},"type":"binary-expr","locations":[{"start":{"line":97,"column":8},"end":{"line":97,"column":19}},{"start":{"line":97,"column":23},"end":{"line":97,"column":37}}],"line":97},"9":{"loc":{"start":{"line":118,"column":4},"end":{"line":124,"column":5}},"type":"if","locations":[{"start":{"line":118,"column":4},"end":{"line":124,"column":5}},{"start":{"line":121,"column":11},"end":{"line":124,"column":5}}],"line":118},"10":{"loc":{"start":{"line":121,"column":11},"end":{"line":124,"column":5}},"type":"if","locations":[{"start":{"line":121,"column":11},"end":{"line":124,"column":5}},{"start":{},"end":{}}],"line":121},"11":{"loc":{"start":{"line":137,"column":37},"end":{"line":137,"column":50}},"type":"default-arg","locations":[{"start":{"line":137,"column":46},"end":{"line":137,"column":50}}],"line":137},"12":{"loc":{"start":{"line":143,"column":16},"end":{"line":145,"column":12}},"type":"cond-expr","locations":[{"start":{"line":144,"column":6},"end":{"line":144,"column":62}},{"start":{"line":145,"column":6},"end":{"line":145,"column":12}}],"line":143},"13":{"loc":{"start":{"line":143,"column":16},"end":{"line":143,"column":38}},"type":"binary-expr","locations":[{"start":{"line":143,"column":16},"end":{"line":143,"column":23}},{"start":{"line":143,"column":27},"end":{"line":143,"column":38}}],"line":143},"14":{"loc":{"start":{"line":159,"column":4},"end":{"line":161,"column":5}},"type":"if","locations":[{"start":{"line":159,"column":4},"end":{"line":161,"column":5}},{"start":{},"end":{}}],"line":159}},"s":{"0":0,"1":0,"2":0,"3":0,"4":0,"5":0,"6":0,"7":0,"8":0,"9":0,"10":0,"11":0,"12":0,"13":0,"14":0,"15":0,"16":0,"17":0,"18":0,"19":0,"20":0,"21":0,"22":0,"23":0,"24":0,"25":0,"26":0,"27":0,"28":0,"29":0,"30":0,"31":0,"32":0,"33":0,"34":0,"35":0,"36":0,"37":0,"38":0,"39":0,"40":0,"41":0,"42":0,"43":0,"44":0,"45":0,"46":0,"47":0,"48":0,"49":0,"50":0,"51":0,"52":0,"53":0,"54":0,"55":0,"56":0,"57":0,"58":0,"59":0,"60":0,"61":0,"62":0,"63":0,"64":0,"65":0,"66":0,"67":0,"68":0,"69":0,"70":0,"71":0},"f":{"0":0,"1":0,"2":0,"3":0,"4":0},"b":{"0":[0,0],"1":[0,0],"2":[0,0],"3":[0,0],"4":[0,0],"5":[0,0],"6":[0,0],"7":[0,0],"8":[0,0],"9":[0,0],"10":[0,0],"11":[0],"12":[0,0],"13":[0,0],"14":[0,0]}}
,"/home/av/Documents/TFG/real-time-example/src/modules/chat/chat.handler.js": {"path":"/home/av/Documents/TFG/real-time-example/src/modules/chat/chat.handler.js","statementMap":{"0":{"start":{"line":1,"column":15},"end":{"line":1,"column":44}},"1":{"start":{"line":2,"column":23},"end":{"line":2,"column":56}},"2":{"start":{"line":3,"column":21},"end":{"line":3,"column":52}},"3":{"start":{"line":6,"column":26},"end":{"line":6,"column":35}},"4":{"start":{"line":7,"column":20},"end":{"line":7,"column":29}},"5":{"start":{"line":18,"column":4},"end":{"line":18,"column":17}},"6":{"start":{"line":19,"column":4},"end":{"line":19,"column":32}},"7":{"start":{"line":20,"column":4},"end":{"line":20,"column":29}},"8":{"start":{"line":21,"column":4},"end":{"line":21,"column":31}},"9":{"start":{"line":24,"column":4},"end":{"line":24,"column":31}},"10":{"start":{"line":32,"column":4},"end":{"line":32,"column":90}},"11":{"start":{"line":32,"column":46},"end":{"line":32,"column":88}},"12":{"start":{"line":33,"column":4},"end":{"line":33,"column":76}},"13":{"start":{"line":33,"column":39},"end":{"line":33,"column":74}},"14":{"start":{"line":34,"column":4},"end":{"line":34,"column":85}},"15":{"start":{"line":34,"column":44},"end":{"line":34,"column":83}},"16":{"start":{"line":43,"column":22},"end":{"line":43,"column":32}},"17":{"start":{"line":45,"column":4},"end":{"line":129,"column":5}},"18":{"start":{"line":46,"column":77},"end":{"line":46,"column":88}},"19":{"start":{"line":48,"column":6},"end":{"line":56,"column":7}},"20":{"start":{"line":49,"column":8},"end":{"line":52,"column":40}},"21":{"start":{"line":54,"column":8},"end":{"line":54,"column":74}},"22":{"start":{"line":55,"column":8},"end":{"line":55,"column":15}},"23":{"start":{"line":58,"column":6},"end":{"line":63,"column":35}},"24":{"start":{"line":66,"column":25},"end":{"line":74,"column":7}},"25":{"start":{"line":77,"column":6},"end":{"line":79,"column":7}},"26":{"start":{"line":78,"column":8},"end":{"line":78,"column":47}},"27":{"start":{"line":80,"column":6},"end":{"line":80,"column":58}},"28":{"start":{"line":83,"column":23},"end":{"line":83,"column":57}},"29":{"start":{"line":84,"column":6},"end":{"line":86,"column":7}},"30":{"start":{"line":85,"column":8},"end":{"line":85,"column":80}},"31":{"start":{"line":89,"column":23},"end":{"line":89,"column":68}},"32":{"start":{"line":90,"column":28},"end":{"line":90,"column":66}},"33":{"start":{"line":91,"column":6},"end":{"line":91,"column":37}},"34":{"start":{"line":94,"column":6},"end":{"line":96,"column":7}},"35":{"start":{"line":95,"column":8},"end":{"line":95,"column":75}},"36":{"start":{"line":98,"column":6},"end":{"line":98,"column":54}},"37":{"start":{"line":101,"column":32},"end":{"line":101,"column":65}},"38":{"start":{"line":104,"column":6},"end":{"line":104,"column":69}},"39":{"start":{"line":107,"column":6},"end":{"line":107,"column":95}},"40":{"start":{"line":109,"column":6},"end":{"line":109,"column":77}},"41":{"start":{"line":111,"column":6},"end":{"line":116,"column":42}},"42":{"start":{"line":118,"column":6},"end":{"line":121,"column":44}},"43":{"start":{"line":123,"column":6},"end":{"line":126,"column":9}},"44":{"start":{"line":128,"column":6},"end":{"line":128,"column":91}},"45":{"start":{"line":138,"column":4},"end":{"line":177,"column":5}},"46":{"start":{"line":139,"column":43},"end":{"line":139,"column":47}},"47":{"start":{"line":141,"column":6},"end":{"line":141,"column":41}},"48":{"start":{"line":141,"column":34},"end":{"line":141,"column":41}},"49":{"start":{"line":143,"column":6},"end":{"line":147,"column":32}},"50":{"start":{"line":150,"column":6},"end":{"line":152,"column":7}},"51":{"start":{"line":151,"column":8},"end":{"line":151,"column":48}},"52":{"start":{"line":154,"column":35},"end":{"line":154,"column":63}},"53":{"start":{"line":155,"column":6},"end":{"line":155,"column":71}},"54":{"start":{"line":158,"column":23},"end":{"line":158,"column":66}},"55":{"start":{"line":159,"column":31},"end":{"line":159,"column":69}},"56":{"start":{"line":160,"column":6},"end":{"line":160,"column":64}},"57":{"start":{"line":161,"column":6},"end":{"line":161,"column":61}},"58":{"start":{"line":164,"column":6},"end":{"line":164,"column":67}},"59":{"start":{"line":166,"column":6},"end":{"line":166,"column":53}},"60":{"start":{"line":168,"column":6},"end":{"line":171,"column":60}},"61":{"start":{"line":173,"column":6},"end":{"line":176,"column":9}},"62":{"start":{"line":186,"column":4},"end":{"line":223,"column":5}},"63":{"start":{"line":187,"column":43},"end":{"line":187,"column":47}},"64":{"start":{"line":189,"column":6},"end":{"line":189,"column":41}},"65":{"start":{"line":189,"column":34},"end":{"line":189,"column":41}},"66":{"start":{"line":191,"column":6},"end":{"line":195,"column":37}},"67":{"start":{"line":198,"column":6},"end":{"line":201,"column":7}},"68":{"start":{"line":199,"column":37},"end":{"line":199,"column":65}},"69":{"start":{"line":200,"column":8},"end":{"line":200,"column":43}},"70":{"start":{"line":204,"column":23},"end":{"line":204,"column":66}},"71":{"start":{"line":205,"column":31},"end":{"line":205,"column":69}},"72":{"start":{"line":206,"column":6},"end":{"line":206,"column":37}},"73":{"start":{"line":207,"column":6},"end":{"line":207,"column":61}},"74":{"start":{"line":210,"column":6},"end":{"line":210,"column":72}},"75":{"start":{"line":212,"column":6},"end":{"line":212,"column":58}},"76":{"start":{"line":214,"column":6},"end":{"line":217,"column":69}},"77":{"start":{"line":219,"column":6},"end":{"line":222,"column":9}},"78":{"start":{"line":231,"column":4},"end":{"line":248,"column":28}},"79":{"start":{"line":232,"column":18},"end":{"line":232,"column":28}},"80":{"start":{"line":235,"column":6},"end":{"line":245,"column":9}},"81":{"start":{"line":236,"column":8},"end":{"line":244,"column":11}},"82":{"start":{"line":237,"column":10},"end":{"line":243,"column":11}},"83":{"start":{"line":238,"column":12},"end":{"line":238,"column":47}},"84":{"start":{"line":239,"column":12},"end":{"line":242,"column":15}},"85":{"start":{"line":262,"column":23},"end":{"line":271,"column":5}},"86":{"start":{"line":273,"column":4},"end":{"line":273,"column":22}},"87":{"start":{"line":282,"column":4},"end":{"line":321,"column":5}},"88":{"start":{"line":283,"column":6},"end":{"line":286,"column":46}},"89":{"start":{"line":289,"column":23},"end":{"line":289,"column":68}},"90":{"start":{"line":290,"column":21},"end":{"line":290,"column":53}},"91":{"start":{"line":293,"column":6},"end":{"line":295,"column":7}},"92":{"start":{"line":294,"column":8},"end":{"line":294,"column":60}},"93":{"start":{"line":298,"column":33},"end":{"line":298,"column":80}},"94":{"start":{"line":298,"column":53},"end":{"line":298,"column":79}},"95":{"start":{"line":300,"column":6},"end":{"line":300,"column":57}},"96":{"start":{"line":302,"column":6},"end":{"line":306,"column":42}},"97":{"start":{"line":308,"column":6},"end":{"line":312,"column":51}},"98":{"start":{"line":314,"column":6},"end":{"line":318,"column":9}},"99":{"start":{"line":320,"column":6},"end":{"line":320,"column":106}},"100":{"start":{"line":329,"column":4},"end":{"line":353,"column":5}},"101":{"start":{"line":331,"column":6},"end":{"line":347,"column":9}},"102":{"start":{"line":335,"column":8},"end":{"line":346,"column":9}},"103":{"start":{"line":336,"column":24},"end":{"line":336,"column":41}},"104":{"start":{"line":337,"column":10},"end":{"line":345,"column":11}},"105":{"start":{"line":338,"column":29},"end":{"line":338,"column":60}},"106":{"start":{"line":339,"column":12},"end":{"line":339,"column":47}},"107":{"start":{"line":341,"column":12},"end":{"line":344,"column":15}},"108":{"start":{"line":349,"column":6},"end":{"line":352,"column":49}},"109":{"start":{"line":357,"column":0},"end":{"line":357,"column":29}}},"fnMap":{"0":{"name":"(anonymous_0)","decl":{"start":{"line":17,"column":2},"end":{"line":17,"column":3}},"loc":{"start":{"line":17,"column":18},"end":{"line":25,"column":3}},"line":17},"1":{"name":"(anonymous_1)","decl":{"start":{"line":31,"column":2},"end":{"line":31,"column":3}},"loc":{"start":{"line":31,"column":27},"end":{"line":35,"column":3}},"line":31},"2":{"name":"(anonymous_2)","decl":{"start":{"line":32,"column":29},"end":{"line":32,"column":30}},"loc":{"start":{"line":32,"column":46},"end":{"line":32,"column":88}},"line":32},"3":{"name":"(anonymous_3)","decl":{"start":{"line":33,"column":29},"end":{"line":33,"column":30}},"loc":{"start":{"line":33,"column":39},"end":{"line":33,"column":74}},"line":33},"4":{"name":"(anonymous_4)","decl":{"start":{"line":34,"column":34},"end":{"line":34,"column":35}},"loc":{"start":{"line":34,"column":44},"end":{"line":34,"column":83}},"line":34},"5":{"name":"(anonymous_5)","decl":{"start":{"line":42,"column":2},"end":{"line":42,"column":3}},"loc":{"start":{"line":42,"column":46},"end":{"line":130,"column":3}},"line":42},"6":{"name":"(anonymous_6)","decl":{"start":{"line":137,"column":2},"end":{"line":137,"column":3}},"loc":{"start":{"line":137,"column":39},"end":{"line":178,"column":3}},"line":137},"7":{"name":"(anonymous_7)","decl":{"start":{"line":185,"column":2},"end":{"line":185,"column":3}},"loc":{"start":{"line":185,"column":43},"end":{"line":224,"column":3}},"line":185},"8":{"name":"(anonymous_8)","decl":{"start":{"line":230,"column":2},"end":{"line":230,"column":3}},"loc":{"start":{"line":230,"column":24},"end":{"line":249,"column":3}},"line":230},"9":{"name":"(anonymous_9)","decl":{"start":{"line":231,"column":16},"end":{"line":231,"column":17}},"loc":{"start":{"line":231,"column":28},"end":{"line":248,"column":5}},"line":231},"10":{"name":"(anonymous_10)","decl":{"start":{"line":235,"column":26},"end":{"line":235,"column":27}},"loc":{"start":{"line":235,"column":65},"end":{"line":245,"column":7}},"line":235},"11":{"name":"(anonymous_11)","decl":{"start":{"line":236,"column":37},"end":{"line":236,"column":38}},"loc":{"start":{"line":236,"column":58},"end":{"line":244,"column":9}},"line":236},"12":{"name":"(anonymous_12)","decl":{"start":{"line":257,"column":2},"end":{"line":257,"column":3}},"loc":{"start":{"line":257,"column":28},"end":{"line":274,"column":3}},"line":257},"13":{"name":"(anonymous_13)","decl":{"start":{"line":281,"column":2},"end":{"line":281,"column":3}},"loc":{"start":{"line":281,"column":47},"end":{"line":322,"column":3}},"line":281},"14":{"name":"(anonymous_14)","decl":{"start":{"line":298,"column":46},"end":{"line":298,"column":47}},"loc":{"start":{"line":298,"column":53},"end":{"line":298,"column":79}},"line":298},"15":{"name":"(anonymous_15)","decl":{"start":{"line":328,"column":2},"end":{"line":328,"column":3}},"loc":{"start":{"line":328,"column":27},"end":{"line":354,"column":3}},"line":328},"16":{"name":"(anonymous_16)","decl":{"start":{"line":331,"column":26},"end":{"line":331,"column":27}},"loc":{"start":{"line":331,"column":65},"end":{"line":347,"column":7}},"line":331}},"branchMap":{"0":{"loc":{"start":{"line":48,"column":6},"end":{"line":56,"column":7}},"type":"if","locations":[{"start":{"line":48,"column":6},"end":{"line":56,"column":7}},{"start":{},"end":{}}],"line":48},"1":{"loc":{"start":{"line":48,"column":10},"end":{"line":48,"column":50}},"type":"binary-expr","locations":[{"start":{"line":48,"column":10},"end":{"line":48,"column":22}},{"start":{"line":48,"column":26},"end":{"line":48,"column":34}},{"start":{"line":48,"column":38},"end":{"line":48,"column":50}}],"line":48},"2":{"loc":{"start":{"line":77,"column":6},"end":{"line":79,"column":7}},"type":"if","locations":[{"start":{"line":77,"column":6},"end":{"line":79,"column":7}},{"start":{},"end":{}}],"line":77},"3":{"loc":{"start":{"line":84,"column":6},"end":{"line":86,"column":7}},"type":"if","locations":[{"start":{"line":84,"column":6},"end":{"line":86,"column":7}},{"start":{},"end":{}}],"line":84},"4":{"loc":{"start":{"line":90,"column":28},"end":{"line":90,"column":66}},"type":"binary-expr","locations":[{"start":{"line":90,"column":28},"end":{"line":90,"column":60}},{"start":{"line":90,"column":64},"end":{"line":90,"column":66}}],"line":90},"5":{"loc":{"start":{"line":94,"column":6},"end":{"line":96,"column":7}},"type":"if","locations":[{"start":{"line":94,"column":6},"end":{"line":96,"column":7}},{"start":{},"end":{}}],"line":94},"6":{"loc":{"start":{"line":141,"column":6},"end":{"line":141,"column":41}},"type":"if","locations":[{"start":{"line":141,"column":6},"end":{"line":141,"column":41}},{"start":{},"end":{}}],"line":141},"7":{"loc":{"start":{"line":141,"column":10},"end":{"line":141,"column":32}},"type":"binary-expr","locations":[{"start":{"line":141,"column":10},"end":{"line":141,"column":22}},{"start":{"line":141,"column":26},"end":{"line":141,"column":32}}],"line":141},"8":{"loc":{"start":{"line":150,"column":6},"end":{"line":152,"column":7}},"type":"if","locations":[{"start":{"line":150,"column":6},"end":{"line":152,"column":7}},{"start":{},"end":{}}],"line":150},"9":{"loc":{"start":{"line":159,"column":31},"end":{"line":159,"column":69}},"type":"binary-expr","locations":[{"start":{"line":159,"column":31},"end":{"line":159,"column":63}},{"start":{"line":159,"column":67},"end":{"line":159,"column":69}}],"line":159},"10":{"loc":{"start":{"line":189,"column":6},"end":{"line":189,"column":41}},"type":"if","locations":[{"start":{"line":189,"column":6},"end":{"line":189,"column":41}},{"start":{},"end":{}}],"line":189},"11":{"loc":{"start":{"line":189,"column":10},"end":{"line":189,"column":32}},"type":"binary-expr","locations":[{"start":{"line":189,"column":10},"end":{"line":189,"column":22}},{"start":{"line":189,"column":26},"end":{"line":189,"column":32}}],"line":189},"12":{"loc":{"start":{"line":198,"column":6},"end":{"line":201,"column":7}},"type":"if","locations":[{"start":{"line":198,"column":6},"end":{"line":201,"column":7}},{"start":{},"end":{}}],"line":198},"13":{"loc":{"start":{"line":205,"column":31},"end":{"line":205,"column":69}},"type":"binary-expr","locations":[{"start":{"line":205,"column":31},"end":{"line":205,"column":63}},{"start":{"line":205,"column":67},"end":{"line":205,"column":69}}],"line":205},"14":{"loc":{"start":{"line":237,"column":10},"end":{"line":243,"column":11}},"type":"if","locations":[{"start":{"line":237,"column":10},"end":{"line":243,"column":11}},{"start":{},"end":{}}],"line":237},"15":{"loc":{"start":{"line":268,"column":10},"end":{"line":268,"column":97}},"type":"binary-expr","locations":[{"start":{"line":268,"column":10},"end":{"line":268,"column":29}},{"start":{"line":268,"column":33},"end":{"line":268,"column":65}},{"start":{"line":268,"column":69},"end":{"line":268,"column":97}}],"line":268},"16":{"loc":{"start":{"line":293,"column":6},"end":{"line":295,"column":7}},"type":"if","locations":[{"start":{"line":293,"column":6},"end":{"line":295,"column":7}},{"start":{},"end":{}}],"line":293},"17":{"loc":{"start":{"line":293,"column":10},"end":{"line":293,"column":44}},"type":"binary-expr","locations":[{"start":{"line":293,"column":10},"end":{"line":293,"column":19}},{"start":{"line":293,"column":23},"end":{"line":293,"column":44}}],"line":293},"18":{"loc":{"start":{"line":294,"column":19},"end":{"line":294,"column":59}},"type":"binary-expr","locations":[{"start":{"line":294,"column":19},"end":{"line":294,"column":53}},{"start":{"line":294,"column":57},"end":{"line":294,"column":59}}],"line":294},"19":{"loc":{"start":{"line":335,"column":8},"end":{"line":346,"column":9}},"type":"if","locations":[{"start":{"line":335,"column":8},"end":{"line":346,"column":9}},{"start":{},"end":{}}],"line":335},"20":{"loc":{"start":{"line":337,"column":10},"end":{"line":345,"column":11}},"type":"if","locations":[{"start":{"line":337,"column":10},"end":{"line":345,"column":11}},{"start":{},"end":{}}],"line":337}},"s":{"0":0,"1":0,"2":0,"3":0,"4":0,"5":0,"6":0,"7":0,"8":0,"9":0,"10":0,"11":0,"12":0,"13":0,"14":0,"15":0,"16":0,"17":0,"18":0,"19":0,"20":0,"21":0,"22":0,"23":0,"24":0,"25":0,"26":0,"27":0,"28":0,"29":0,"30":0,"31":0,"32":0,"33":0,"34":0,"35":0,"36":0,"37":0,"38":0,"39":0,"40":0,"41":0,"42":0,"43":0,"44":0,"45":0,"46":0,"47":0,"48":0,"49":0,"50":0,"51":0,"52":0,"53":0,"54":0,"55":0,"56":0,"57":0,"58":0,"59":0,"60":0,"61":0,"62":0,"63":0,"64":0,"65":0,"66":0,"67":0,"68":0,"69":0,"70":0,"71":0,"72":0,"73":0,"74":0,"75":0,"76":0,"77":0,"78":0,"79":0,"80":0,"81":0,"82":0,"83":0,"84":0,"85":0,"86":0,"87":0,"88":0,"89":0,"90":0,"91":0,"92":0,"93":0,"94":0,"95":0,"96":0,"97":0,"98":0,"99":0,"100":0,"101":0,"102":0,"103":0,"104":0,"105":0,"106":0,"107":0,"108":0,"109":0},"f":{"0":0,"1":0,"2":0,"3":0,"4":0,"5":0,"6":0,"7":0,"8":0,"9":0,"10":0,"11":0,"12":0,"13":0,"14":0,"15":0,"16":0},"b":{"0":[0,0],"1":[0,0,0],"2":[0,0],"3":[0,0],"4":[0,0],"5":[0,0],"6":[0,0],"7":[0,0],"8":[0,0],"9":[0,0],"10":[0,0],"11":[0,0],"12":[0,0],"13":[0,0],"14":[0,0],"15":[0,0,0],"16":[0,0],"17":[0,0],"18":[0,0],"19":[0,0],"20":[0,0]}}
,"/home/av/Documents/TFG/real-time-example/src/modules/collection/collection.handler.js": {"path":"/home/av/Documents/TFG/real-time-example/src/modules/collection/collection.handler.js","statementMap":{"0":{"start":{"line":1,"column":15},"end":{"line":1,"column":44}},"1":{"start":{"line":2,"column":23},"end":{"line":2,"column":56}},"2":{"start":{"line":3,"column":21},"end":{"line":3,"column":52}},"3":{"start":{"line":6,"column":24},"end":{"line":6,"column":33}},"4":{"start":{"line":17,"column":4},"end":{"line":17,"column":17}},"5":{"start":{"line":18,"column":4},"end":{"line":18,"column":38}},"6":{"start":{"line":26,"column":4},"end":{"line":28,"column":6}},"7":{"start":{"line":27,"column":6},"end":{"line":27,"column":76}},"8":{"start":{"line":30,"column":4},"end":{"line":32,"column":6}},"9":{"start":{"line":31,"column":6},"end":{"line":31,"column":67}},"10":{"start":{"line":34,"column":4},"end":{"line":36,"column":6}},"11":{"start":{"line":35,"column":6},"end":{"line":35,"column":57}},"12":{"start":{"line":47,"column":22},"end":{"line":47,"column":32}},"13":{"start":{"line":49,"column":4},"end":{"line":160,"column":5}},"14":{"start":{"line":50,"column":6},"end":{"line":59,"column":8}},"15":{"start":{"line":62,"column":6},"end":{"line":64,"column":7}},"16":{"start":{"line":63,"column":8},"end":{"line":63,"column":52}},"17":{"start":{"line":66,"column":6},"end":{"line":68,"column":7}},"18":{"start":{"line":67,"column":8},"end":{"line":67,"column":70}},"19":{"start":{"line":70,"column":32},"end":{"line":72,"column":26}},"20":{"start":{"line":75,"column":31},"end":{"line":77,"column":7}},"21":{"start":{"line":76,"column":18},"end":{"line":76,"column":47}},"22":{"start":{"line":79,"column":6},"end":{"line":132,"column":7}},"23":{"start":{"line":81,"column":8},"end":{"line":81,"column":51}},"24":{"start":{"line":84,"column":25},"end":{"line":84,"column":83}},"25":{"start":{"line":85,"column":37},"end":{"line":85,"column":77}},"26":{"start":{"line":86,"column":8},"end":{"line":86,"column":51}},"27":{"start":{"line":87,"column":8},"end":{"line":87,"column":63}},"28":{"start":{"line":90,"column":25},"end":{"line":90,"column":57}},"29":{"start":{"line":91,"column":8},"end":{"line":91,"column":30}},"30":{"start":{"line":94,"column":34},"end":{"line":94,"column":69}},"31":{"start":{"line":97,"column":28},"end":{"line":99,"column":9}},"32":{"start":{"line":98,"column":50},"end":{"line":98,"column":68}},"33":{"start":{"line":102,"column":8},"end":{"line":105,"column":11}},"34":{"start":{"line":107,"column":8},"end":{"line":110,"column":11}},"35":{"start":{"line":112,"column":8},"end":{"line":121,"column":10}},"36":{"start":{"line":123,"column":8},"end":{"line":131,"column":10}},"37":{"start":{"line":134,"column":6},"end":{"line":137,"column":8}},"38":{"start":{"line":139,"column":6},"end":{"line":147,"column":8}},"39":{"start":{"line":149,"column":6},"end":{"line":154,"column":9}},"40":{"start":{"line":156,"column":6},"end":{"line":159,"column":9}},"41":{"start":{"line":170,"column":22},"end":{"line":170,"column":32}},"42":{"start":{"line":172,"column":4},"end":{"line":285,"column":5}},"43":{"start":{"line":173,"column":6},"end":{"line":180,"column":8}},"44":{"start":{"line":183,"column":6},"end":{"line":257,"column":7}},"45":{"start":{"line":187,"column":34},"end":{"line":189,"column":28}},"46":{"start":{"line":190,"column":25},"end":{"line":190,"column":57}},"47":{"start":{"line":192,"column":8},"end":{"line":256,"column":9}},"48":{"start":{"line":194,"column":10},"end":{"line":194,"column":46}},"49":{"start":{"line":197,"column":27},"end":{"line":197,"column":85}},"50":{"start":{"line":198,"column":39},"end":{"line":198,"column":79}},"51":{"start":{"line":199,"column":10},"end":{"line":199,"column":49}},"52":{"start":{"line":200,"column":10},"end":{"line":200,"column":65}},"53":{"start":{"line":203,"column":27},"end":{"line":203,"column":59}},"54":{"start":{"line":204,"column":10},"end":{"line":204,"column":33}},"55":{"start":{"line":207,"column":36},"end":{"line":207,"column":71}},"56":{"start":{"line":210,"column":30},"end":{"line":214,"column":11}},"57":{"start":{"line":212,"column":46},"end":{"line":212,"column":64}},"58":{"start":{"line":217,"column":10},"end":{"line":220,"column":13}},"59":{"start":{"line":222,"column":10},"end":{"line":225,"column":13}},"60":{"start":{"line":228,"column":10},"end":{"line":235,"column":11}},"61":{"start":{"line":229,"column":12},"end":{"line":229,"column":48}},"62":{"start":{"line":230,"column":12},"end":{"line":230,"column":66}},"63":{"start":{"line":232,"column":12},"end":{"line":234,"column":13}},"64":{"start":{"line":233,"column":14},"end":{"line":233,"column":50}},"65":{"start":{"line":237,"column":10},"end":{"line":246,"column":12}},"66":{"start":{"line":248,"column":10},"end":{"line":255,"column":12}},"67":{"start":{"line":259,"column":6},"end":{"line":262,"column":8}},"68":{"start":{"line":264,"column":6},"end":{"line":272,"column":8}},"69":{"start":{"line":274,"column":6},"end":{"line":279,"column":9}},"70":{"start":{"line":281,"column":6},"end":{"line":284,"column":9}},"71":{"start":{"line":294,"column":22},"end":{"line":294,"column":32}},"72":{"start":{"line":296,"column":4},"end":{"line":364,"column":5}},"73":{"start":{"line":297,"column":6},"end":{"line":303,"column":8}},"74":{"start":{"line":306,"column":22},"end":{"line":306,"column":66}},"75":{"start":{"line":307,"column":19},"end":{"line":307,"column":58}},"76":{"start":{"line":310,"column":6},"end":{"line":329,"column":7}},"77":{"start":{"line":312,"column":22},"end":{"line":312,"column":36}},"78":{"start":{"line":313,"column":29},"end":{"line":313,"column":37}},"79":{"start":{"line":316,"column":32},"end":{"line":316,"column":67}},"80":{"start":{"line":317,"column":34},"end":{"line":317,"column":64}},"81":{"start":{"line":320,"column":28},"end":{"line":322,"column":9}},"82":{"start":{"line":321,"column":50},"end":{"line":321,"column":68}},"83":{"start":{"line":325,"column":8},"end":{"line":328,"column":11}},"84":{"start":{"line":331,"column":6},"end":{"line":334,"column":8}},"85":{"start":{"line":336,"column":6},"end":{"line":343,"column":8}},"86":{"start":{"line":345,"column":6},"end":{"line":352,"column":8}},"87":{"start":{"line":354,"column":6},"end":{"line":358,"column":9}},"88":{"start":{"line":360,"column":6},"end":{"line":363,"column":9}},"89":{"start":{"line":372,"column":4},"end":{"line":471,"column":5}},"90":{"start":{"line":373,"column":6},"end":{"line":378,"column":8}},"91":{"start":{"line":381,"column":32},"end":{"line":381,"column":66}},"92":{"start":{"line":383,"column":6},"end":{"line":462,"column":7}},"93":{"start":{"line":384,"column":37},"end":{"line":384,"column":69}},"94":{"start":{"line":385,"column":35},"end":{"line":385,"column":74}},"95":{"start":{"line":387,"column":8},"end":{"line":403,"column":9}},"96":{"start":{"line":388,"column":36},"end":{"line":388,"column":74}},"97":{"start":{"line":390,"column":10},"end":{"line":402,"column":11}},"98":{"start":{"line":391,"column":12},"end":{"line":398,"column":14}},"99":{"start":{"line":401,"column":12},"end":{"line":401,"column":80}},"100":{"start":{"line":406,"column":24},"end":{"line":406,"column":68}},"101":{"start":{"line":407,"column":21},"end":{"line":407,"column":60}},"102":{"start":{"line":409,"column":8},"end":{"line":461,"column":9}},"103":{"start":{"line":411,"column":24},"end":{"line":411,"column":38}},"104":{"start":{"line":412,"column":31},"end":{"line":412,"column":39}},"105":{"start":{"line":415,"column":39},"end":{"line":415,"column":74}},"106":{"start":{"line":418,"column":10},"end":{"line":460,"column":11}},"107":{"start":{"line":419,"column":12},"end":{"line":426,"column":14}},"108":{"start":{"line":429,"column":29},"end":{"line":429,"column":60}},"109":{"start":{"line":432,"column":12},"end":{"line":432,"column":51}},"110":{"start":{"line":433,"column":12},"end":{"line":433,"column":62}},"111":{"start":{"line":436,"column":38},"end":{"line":436,"column":73}},"112":{"start":{"line":439,"column":32},"end":{"line":443,"column":13}},"113":{"start":{"line":441,"column":48},"end":{"line":441,"column":66}},"114":{"start":{"line":446,"column":12},"end":{"line":449,"column":15}},"115":{"start":{"line":451,"column":12},"end":{"line":454,"column":15}},"116":{"start":{"line":457,"column":12},"end":{"line":459,"column":13}},"117":{"start":{"line":458,"column":14},"end":{"line":458,"column":45}},"118":{"start":{"line":464,"column":6},"end":{"line":470,"column":8}},"119":{"start":{"line":475,"column":0},"end":{"line":475,"column":35}}},"fnMap":{"0":{"name":"(anonymous_0)","decl":{"start":{"line":16,"column":2},"end":{"line":16,"column":3}},"loc":{"start":{"line":16,"column":18},"end":{"line":19,"column":3}},"line":16},"1":{"name":"(anonymous_1)","decl":{"start":{"line":25,"column":2},"end":{"line":25,"column":3}},"loc":{"start":{"line":25,"column":27},"end":{"line":37,"column":3}},"line":25},"2":{"name":"(anonymous_2)","decl":{"start":{"line":26,"column":33},"end":{"line":26,"column":34}},"loc":{"start":{"line":27,"column":6},"end":{"line":27,"column":76}},"line":27},"3":{"name":"(anonymous_3)","decl":{"start":{"line":30,"column":34},"end":{"line":30,"column":35}},"loc":{"start":{"line":31,"column":6},"end":{"line":31,"column":67}},"line":31},"4":{"name":"(anonymous_4)","decl":{"start":{"line":34,"column":39},"end":{"line":34,"column":40}},"loc":{"start":{"line":35,"column":6},"end":{"line":35,"column":57}},"line":35},"5":{"name":"(anonymous_5)","decl":{"start":{"line":46,"column":2},"end":{"line":46,"column":3}},"loc":{"start":{"line":46,"column":74},"end":{"line":161,"column":3}},"line":46},"6":{"name":"(anonymous_6)","decl":{"start":{"line":76,"column":8},"end":{"line":76,"column":9}},"loc":{"start":{"line":76,"column":18},"end":{"line":76,"column":47}},"line":76},"7":{"name":"(anonymous_7)","decl":{"start":{"line":98,"column":40},"end":{"line":98,"column":41}},"loc":{"start":{"line":98,"column":50},"end":{"line":98,"column":68}},"line":98},"8":{"name":"(anonymous_8)","decl":{"start":{"line":169,"column":2},"end":{"line":169,"column":3}},"loc":{"start":{"line":169,"column":65},"end":{"line":286,"column":3}},"line":169},"9":{"name":"(anonymous_9)","decl":{"start":{"line":212,"column":36},"end":{"line":212,"column":37}},"loc":{"start":{"line":212,"column":46},"end":{"line":212,"column":64}},"line":212},"10":{"name":"(anonymous_10)","decl":{"start":{"line":293,"column":2},"end":{"line":293,"column":3}},"loc":{"start":{"line":293,"column":55},"end":{"line":365,"column":3}},"line":293},"11":{"name":"(anonymous_11)","decl":{"start":{"line":321,"column":40},"end":{"line":321,"column":41}},"loc":{"start":{"line":321,"column":50},"end":{"line":321,"column":68}},"line":321},"12":{"name":"(anonymous_12)","decl":{"start":{"line":371,"column":2},"end":{"line":371,"column":3}},"loc":{"start":{"line":371,"column":33},"end":{"line":472,"column":3}},"line":371},"13":{"name":"(anonymous_13)","decl":{"start":{"line":441,"column":38},"end":{"line":441,"column":39}},"loc":{"start":{"line":441,"column":48},"end":{"line":441,"column":66}},"line":441}},"branchMap":{"0":{"loc":{"start":{"line":62,"column":6},"end":{"line":64,"column":7}},"type":"if","locations":[{"start":{"line":62,"column":6},"end":{"line":64,"column":7}},{"start":{},"end":{}}],"line":62},"1":{"loc":{"start":{"line":66,"column":6},"end":{"line":68,"column":7}},"type":"if","locations":[{"start":{"line":66,"column":6},"end":{"line":68,"column":7}},{"start":{},"end":{}}],"line":66},"2":{"loc":{"start":{"line":79,"column":6},"end":{"line":132,"column":7}},"type":"if","locations":[{"start":{"line":79,"column":6},"end":{"line":132,"column":7}},{"start":{"line":122,"column":13},"end":{"line":132,"column":7}}],"line":79},"3":{"loc":{"start":{"line":85,"column":37},"end":{"line":85,"column":77}},"type":"binary-expr","locations":[{"start":{"line":85,"column":38},"end":{"line":85,"column":70}},{"start":{"line":85,"column":75},"end":{"line":85,"column":77}}],"line":85},"4":{"loc":{"start":{"line":183,"column":6},"end":{"line":257,"column":7}},"type":"if","locations":[{"start":{"line":183,"column":6},"end":{"line":257,"column":7}},{"start":{},"end":{}}],"line":183},"5":{"loc":{"start":{"line":184,"column":8},"end":{"line":185,"column":58}},"type":"binary-expr","locations":[{"start":{"line":184,"column":8},"end":{"line":184,"column":40}},{"start":{"line":185,"column":8},"end":{"line":185,"column":58}}],"line":184},"6":{"loc":{"start":{"line":192,"column":8},"end":{"line":256,"column":9}},"type":"if","locations":[{"start":{"line":192,"column":8},"end":{"line":256,"column":9}},{"start":{"line":247,"column":15},"end":{"line":256,"column":9}}],"line":192},"7":{"loc":{"start":{"line":198,"column":39},"end":{"line":198,"column":79}},"type":"binary-expr","locations":[{"start":{"line":198,"column":40},"end":{"line":198,"column":72}},{"start":{"line":198,"column":77},"end":{"line":198,"column":79}}],"line":198},"8":{"loc":{"start":{"line":228,"column":10},"end":{"line":235,"column":11}},"type":"if","locations":[{"start":{"line":228,"column":10},"end":{"line":235,"column":11}},{"start":{},"end":{}}],"line":228},"9":{"loc":{"start":{"line":232,"column":12},"end":{"line":234,"column":13}},"type":"if","locations":[{"start":{"line":232,"column":12},"end":{"line":234,"column":13}},{"start":{},"end":{}}],"line":232},"10":{"loc":{"start":{"line":316,"column":32},"end":{"line":316,"column":67}},"type":"binary-expr","locations":[{"start":{"line":316,"column":33},"end":{"line":316,"column":60}},{"start":{"line":316,"column":65},"end":{"line":316,"column":67}}],"line":316},"11":{"loc":{"start":{"line":390,"column":10},"end":{"line":402,"column":11}},"type":"if","locations":[{"start":{"line":390,"column":10},"end":{"line":402,"column":11}},{"start":{},"end":{}}],"line":390},"12":{"loc":{"start":{"line":415,"column":39},"end":{"line":415,"column":74}},"type":"binary-expr","locations":[{"start":{"line":415,"column":40},"end":{"line":415,"column":67}},{"start":{"line":415,"column":72},"end":{"line":415,"column":74}}],"line":415},"13":{"loc":{"start":{"line":418,"column":10},"end":{"line":460,"column":11}},"type":"if","locations":[{"start":{"line":418,"column":10},"end":{"line":460,"column":11}},{"start":{},"end":{}}],"line":418},"14":{"loc":{"start":{"line":457,"column":12},"end":{"line":459,"column":13}},"type":"if","locations":[{"start":{"line":457,"column":12},"end":{"line":459,"column":13}},{"start":{},"end":{}}],"line":457}},"s":{"0":0,"1":0,"2":0,"3":0,"4":0,"5":0,"6":0,"7":0,"8":0,"9":0,"10":0,"11":0,"12":0,"13":0,"14":0,"15":0,"16":0,"17":0,"18":0,"19":0,"20":0,"21":0,"22":0,"23":0,"24":0,"25":0,"26":0,"27":0,"28":0,"29":0,"30":0,"31":0,"32":0,"33":0,"34":0,"35":0,"36":0,"37":0,"38":0,"39":0,"40":0,"41":0,"42":0,"43":0,"44":0,"45":0,"46":0,"47":0,"48":0,"49":0,"50":0,"51":0,"52":0,"53":0,"54":0,"55":0,"56":0,"57":0,"58":0,"59":0,"60":0,"61":0,"62":0,"63":0,"64":0,"65":0,"66":0,"67":0,"68":0,"69":0,"70":0,"71":0,"72":0,"73":0,"74":0,"75":0,"76":0,"77":0,"78":0,"79":0,"80":0,"81":0,"82":0,"83":0,"84":0,"85":0,"86":0,"87":0,"88":0,"89":0,"90":0,"91":0,"92":0,"93":0,"94":0,"95":0,"96":0,"97":0,"98":0,"99":0,"100":0,"101":0,"102":0,"103":0,"104":0,"105":0,"106":0,"107":0,"108":0,"109":0,"110":0,"111":0,"112":0,"113":0,"114":0,"115":0,"116":0,"117":0,"118":0,"119":0},"f":{"0":0,"1":0,"2":0,"3":0,"4":0,"5":0,"6":0,"7":0,"8":0,"9":0,"10":0,"11":0,"12":0,"13":0},"b":{"0":[0,0],"1":[0,0],"2":[0,0],"3":[0,0],"4":[0,0],"5":[0,0],"6":[0,0],"7":[0,0],"8":[0,0],"9":[0,0],"10":[0,0],"11":[0,0],"12":[0,0],"13":[0,0],"14":[0,0]}}
,"/home/av/Documents/TFG/real-time-example/src/modules/note/note.handler.js": {"path":"/home/av/Documents/TFG/real-time-example/src/modules/note/note.handler.js","statementMap":{"0":{"start":{"line":1,"column":15},"end":{"line":1,"column":44}},"1":{"start":{"line":2,"column":23},"end":{"line":2,"column":56}},"2":{"start":{"line":3,"column":21},"end":{"line":3,"column":52}},"3":{"start":{"line":6,"column":18},"end":{"line":6,"column":27}},"4":{"start":{"line":7,"column":21},"end":{"line":7,"column":30}},"5":{"start":{"line":18,"column":4},"end":{"line":18,"column":17}},"6":{"start":{"line":19,"column":4},"end":{"line":19,"column":32}},"7":{"start":{"line":27,"column":4},"end":{"line":30,"column":7}},"8":{"start":{"line":28,"column":6},"end":{"line":28,"column":76}},"9":{"start":{"line":29,"column":6},"end":{"line":29,"column":65}},"10":{"start":{"line":31,"column":4},"end":{"line":34,"column":7}},"11":{"start":{"line":32,"column":6},"end":{"line":32,"column":67}},"12":{"start":{"line":33,"column":6},"end":{"line":33,"column":56}},"13":{"start":{"line":35,"column":4},"end":{"line":38,"column":7}},"14":{"start":{"line":37,"column":6},"end":{"line":37,"column":71}},"15":{"start":{"line":39,"column":4},"end":{"line":42,"column":7}},"16":{"start":{"line":40,"column":6},"end":{"line":40,"column":108}},"17":{"start":{"line":41,"column":6},"end":{"line":41,"column":69}},"18":{"start":{"line":53,"column":22},"end":{"line":53,"column":32}},"19":{"start":{"line":55,"column":4},"end":{"line":141,"column":5}},"20":{"start":{"line":56,"column":6},"end":{"line":62,"column":40}},"21":{"start":{"line":65,"column":23},"end":{"line":65,"column":54}},"22":{"start":{"line":66,"column":6},"end":{"line":66,"column":28}},"23":{"start":{"line":69,"column":6},"end":{"line":71,"column":7}},"24":{"start":{"line":70,"column":8},"end":{"line":70,"column":34}},"25":{"start":{"line":73,"column":24},"end":{"line":73,"column":45}},"26":{"start":{"line":76,"column":32},"end":{"line":76,"column":87}},"27":{"start":{"line":76,"column":57},"end":{"line":76,"column":86}},"28":{"start":{"line":78,"column":6},"end":{"line":84,"column":7}},"29":{"start":{"line":80,"column":8},"end":{"line":80,"column":52}},"30":{"start":{"line":83,"column":8},"end":{"line":83,"column":52}},"31":{"start":{"line":87,"column":23},"end":{"line":87,"column":75}},"32":{"start":{"line":88,"column":6},"end":{"line":88,"column":50}},"33":{"start":{"line":91,"column":20},"end":{"line":91,"column":44}},"34":{"start":{"line":94,"column":6},"end":{"line":102,"column":7}},"35":{"start":{"line":95,"column":32},"end":{"line":95,"column":86}},"36":{"start":{"line":96,"column":8},"end":{"line":96,"column":58}},"37":{"start":{"line":99,"column":8},"end":{"line":101,"column":9}},"38":{"start":{"line":100,"column":10},"end":{"line":100,"column":44}},"39":{"start":{"line":105,"column":6},"end":{"line":108,"column":9}},"40":{"start":{"line":111,"column":6},"end":{"line":114,"column":9}},"41":{"start":{"line":113,"column":34},"end":{"line":113,"column":44}},"42":{"start":{"line":116,"column":6},"end":{"line":116,"column":75}},"43":{"start":{"line":118,"column":6},"end":{"line":124,"column":50}},"44":{"start":{"line":126,"column":6},"end":{"line":131,"column":38}},"45":{"start":{"line":133,"column":6},"end":{"line":138,"column":9}},"46":{"start":{"line":140,"column":6},"end":{"line":140,"column":93}},"47":{"start":{"line":151,"column":4},"end":{"line":216,"column":5}},"48":{"start":{"line":152,"column":6},"end":{"line":156,"column":40}},"49":{"start":{"line":159,"column":6},"end":{"line":201,"column":7}},"50":{"start":{"line":160,"column":26},"end":{"line":160,"column":47}},"51":{"start":{"line":163,"column":26},"end":{"line":163,"column":70}},"52":{"start":{"line":163,"column":51},"end":{"line":163,"column":69}},"53":{"start":{"line":165,"column":8},"end":{"line":200,"column":9}},"54":{"start":{"line":167,"column":27},"end":{"line":167,"column":56}},"55":{"start":{"line":170,"column":10},"end":{"line":170,"column":41}},"56":{"start":{"line":173,"column":27},"end":{"line":173,"column":79}},"57":{"start":{"line":174,"column":10},"end":{"line":174,"column":54}},"58":{"start":{"line":177,"column":27},"end":{"line":177,"column":58}},"59":{"start":{"line":178,"column":10},"end":{"line":178,"column":33}},"60":{"start":{"line":181,"column":10},"end":{"line":184,"column":13}},"61":{"start":{"line":183,"column":38},"end":{"line":183,"column":48}},"62":{"start":{"line":187,"column":10},"end":{"line":192,"column":13}},"63":{"start":{"line":194,"column":10},"end":{"line":199,"column":45}},"64":{"start":{"line":203,"column":6},"end":{"line":208,"column":38}},"65":{"start":{"line":210,"column":6},"end":{"line":215,"column":9}},"66":{"start":{"line":227,"column":4},"end":{"line":282,"column":5}},"67":{"start":{"line":228,"column":6},"end":{"line":233,"column":9}},"68":{"start":{"line":236,"column":6},"end":{"line":267,"column":7}},"69":{"start":{"line":237,"column":26},"end":{"line":237,"column":47}},"70":{"start":{"line":238,"column":21},"end":{"line":238,"column":60}},"71":{"start":{"line":238,"column":41},"end":{"line":238,"column":59}},"72":{"start":{"line":240,"column":8},"end":{"line":247,"column":9}},"73":{"start":{"line":241,"column":10},"end":{"line":245,"column":78}},"74":{"start":{"line":246,"column":10},"end":{"line":246,"column":17}},"75":{"start":{"line":250,"column":25},"end":{"line":250,"column":56}},"76":{"start":{"line":251,"column":26},"end":{"line":256,"column":9}},"77":{"start":{"line":259,"column":8},"end":{"line":259,"column":63}},"78":{"start":{"line":261,"column":8},"end":{"line":264,"column":11}},"79":{"start":{"line":266,"column":8},"end":{"line":266,"column":57}},"80":{"start":{"line":269,"column":6},"end":{"line":274,"column":39}},"81":{"start":{"line":276,"column":6},"end":{"line":281,"column":9}},"82":{"start":{"line":293,"column":22},"end":{"line":293,"column":32}},"83":{"start":{"line":295,"column":4},"end":{"line":345,"column":5}},"84":{"start":{"line":297,"column":6},"end":{"line":328,"column":7}},"85":{"start":{"line":298,"column":8},"end":{"line":303,"column":45}},"86":{"start":{"line":306,"column":8},"end":{"line":306,"column":42}},"87":{"start":{"line":310,"column":25},"end":{"line":310,"column":79}},"88":{"start":{"line":311,"column":8},"end":{"line":311,"column":58}},"89":{"start":{"line":314,"column":25},"end":{"line":314,"column":56}},"90":{"start":{"line":315,"column":8},"end":{"line":319,"column":11}},"91":{"start":{"line":321,"column":8},"end":{"line":321,"column":87}},"92":{"start":{"line":323,"column":8},"end":{"line":327,"column":58}},"93":{"start":{"line":330,"column":6},"end":{"line":335,"column":50}},"94":{"start":{"line":337,"column":6},"end":{"line":342,"column":9}},"95":{"start":{"line":344,"column":6},"end":{"line":344,"column":97}},"96":{"start":{"line":353,"column":4},"end":{"line":371,"column":5}},"97":{"start":{"line":355,"column":6},"end":{"line":365,"column":9}},"98":{"start":{"line":356,"column":26},"end":{"line":356,"column":66}},"99":{"start":{"line":356,"column":47},"end":{"line":356,"column":65}},"100":{"start":{"line":358,"column":8},"end":{"line":364,"column":9}},"101":{"start":{"line":362,"column":30},"end":{"line":362,"column":39}},"102":{"start":{"line":363,"column":10},"end":{"line":363,"column":60}},"103":{"start":{"line":367,"column":6},"end":{"line":370,"column":50}},"104":{"start":{"line":375,"column":0},"end":{"line":375,"column":29}}},"fnMap":{"0":{"name":"(anonymous_0)","decl":{"start":{"line":17,"column":2},"end":{"line":17,"column":3}},"loc":{"start":{"line":17,"column":18},"end":{"line":20,"column":3}},"line":17},"1":{"name":"(anonymous_1)","decl":{"start":{"line":26,"column":2},"end":{"line":26,"column":3}},"loc":{"start":{"line":26,"column":27},"end":{"line":43,"column":3}},"line":26},"2":{"name":"(anonymous_2)","decl":{"start":{"line":27,"column":27},"end":{"line":27,"column":28}},"loc":{"start":{"line":27,"column":62},"end":{"line":30,"column":5}},"line":27},"3":{"name":"(anonymous_3)","decl":{"start":{"line":31,"column":28},"end":{"line":31,"column":29}},"loc":{"start":{"line":31,"column":53},"end":{"line":34,"column":5}},"line":31},"4":{"name":"(anonymous_4)","decl":{"start":{"line":35,"column":31},"end":{"line":35,"column":32}},"loc":{"start":{"line":35,"column":68},"end":{"line":38,"column":5}},"line":35},"5":{"name":"(anonymous_5)","decl":{"start":{"line":39,"column":37},"end":{"line":39,"column":38}},"loc":{"start":{"line":39,"column":71},"end":{"line":42,"column":5}},"line":39},"6":{"name":"(anonymous_6)","decl":{"start":{"line":52,"column":2},"end":{"line":52,"column":3}},"loc":{"start":{"line":52,"column":62},"end":{"line":142,"column":3}},"line":52},"7":{"name":"(anonymous_7)","decl":{"start":{"line":76,"column":52},"end":{"line":76,"column":53}},"loc":{"start":{"line":76,"column":57},"end":{"line":76,"column":86}},"line":76},"8":{"name":"(anonymous_8)","decl":{"start":{"line":113,"column":29},"end":{"line":113,"column":30}},"loc":{"start":{"line":113,"column":34},"end":{"line":113,"column":44}},"line":113},"9":{"name":"(anonymous_9)","decl":{"start":{"line":150,"column":2},"end":{"line":150,"column":3}},"loc":{"start":{"line":150,"column":53},"end":{"line":217,"column":3}},"line":150},"10":{"name":"(anonymous_10)","decl":{"start":{"line":163,"column":46},"end":{"line":163,"column":47}},"loc":{"start":{"line":163,"column":51},"end":{"line":163,"column":69}},"line":163},"11":{"name":"(anonymous_11)","decl":{"start":{"line":183,"column":33},"end":{"line":183,"column":34}},"loc":{"start":{"line":183,"column":38},"end":{"line":183,"column":48}},"line":183},"12":{"name":"(anonymous_12)","decl":{"start":{"line":226,"column":2},"end":{"line":226,"column":3}},"loc":{"start":{"line":226,"column":68},"end":{"line":283,"column":3}},"line":226},"13":{"name":"(anonymous_13)","decl":{"start":{"line":238,"column":36},"end":{"line":238,"column":37}},"loc":{"start":{"line":238,"column":41},"end":{"line":238,"column":59}},"line":238},"14":{"name":"(anonymous_14)","decl":{"start":{"line":292,"column":2},"end":{"line":292,"column":3}},"loc":{"start":{"line":292,"column":66},"end":{"line":346,"column":3}},"line":292},"15":{"name":"(anonymous_15)","decl":{"start":{"line":352,"column":2},"end":{"line":352,"column":3}},"loc":{"start":{"line":352,"column":27},"end":{"line":372,"column":3}},"line":352},"16":{"name":"(anonymous_16)","decl":{"start":{"line":355,"column":24},"end":{"line":355,"column":25}},"loc":{"start":{"line":355,"column":43},"end":{"line":365,"column":7}},"line":355},"17":{"name":"(anonymous_17)","decl":{"start":{"line":356,"column":42},"end":{"line":356,"column":43}},"loc":{"start":{"line":356,"column":47},"end":{"line":356,"column":65}},"line":356}},"branchMap":{"0":{"loc":{"start":{"line":69,"column":6},"end":{"line":71,"column":7}},"type":"if","locations":[{"start":{"line":69,"column":6},"end":{"line":71,"column":7}},{"start":{},"end":{}}],"line":69},"1":{"loc":{"start":{"line":78,"column":6},"end":{"line":84,"column":7}},"type":"if","locations":[{"start":{"line":78,"column":6},"end":{"line":84,"column":7}},{"start":{"line":81,"column":13},"end":{"line":84,"column":7}}],"line":78},"2":{"loc":{"start":{"line":94,"column":6},"end":{"line":102,"column":7}},"type":"if","locations":[{"start":{"line":94,"column":6},"end":{"line":102,"column":7}},{"start":{},"end":{}}],"line":94},"3":{"loc":{"start":{"line":99,"column":8},"end":{"line":101,"column":9}},"type":"if","locations":[{"start":{"line":99,"column":8},"end":{"line":101,"column":9}},{"start":{},"end":{}}],"line":99},"4":{"loc":{"start":{"line":107,"column":17},"end":{"line":107,"column":30}},"type":"binary-expr","locations":[{"start":{"line":107,"column":17},"end":{"line":107,"column":24}},{"start":{"line":107,"column":28},"end":{"line":107,"column":30}}],"line":107},"5":{"loc":{"start":{"line":159,"column":6},"end":{"line":201,"column":7}},"type":"if","locations":[{"start":{"line":159,"column":6},"end":{"line":201,"column":7}},{"start":{},"end":{}}],"line":159},"6":{"loc":{"start":{"line":165,"column":8},"end":{"line":200,"column":9}},"type":"if","locations":[{"start":{"line":165,"column":8},"end":{"line":200,"column":9}},{"start":{},"end":{}}],"line":165},"7":{"loc":{"start":{"line":236,"column":6},"end":{"line":267,"column":7}},"type":"if","locations":[{"start":{"line":236,"column":6},"end":{"line":267,"column":7}},{"start":{},"end":{}}],"line":236},"8":{"loc":{"start":{"line":240,"column":8},"end":{"line":247,"column":9}},"type":"if","locations":[{"start":{"line":240,"column":8},"end":{"line":247,"column":9}},{"start":{},"end":{}}],"line":240},"9":{"loc":{"start":{"line":297,"column":6},"end":{"line":328,"column":7}},"type":"if","locations":[{"start":{"line":297,"column":6},"end":{"line":328,"column":7}},{"start":{},"end":{}}],"line":297},"10":{"loc":{"start":{"line":358,"column":8},"end":{"line":364,"column":9}},"type":"if","locations":[{"start":{"line":358,"column":8},"end":{"line":364,"column":9}},{"start":{},"end":{}}],"line":358}},"s":{"0":0,"1":0,"2":0,"3":0,"4":0,"5":0,"6":0,"7":0,"8":0,"9":0,"10":0,"11":0,"12":0,"13":0,"14":0,"15":0,"16":0,"17":0,"18":0,"19":0,"20":0,"21":0,"22":0,"23":0,"24":0,"25":0,"26":0,"27":0,"28":0,"29":0,"30":0,"31":0,"32":0,"33":0,"34":0,"35":0,"36":0,"37":0,"38":0,"39":0,"40":0,"41":0,"42":0,"43":0,"44":0,"45":0,"46":0,"47":0,"48":0,"49":0,"50":0,"51":0,"52":0,"53":0,"54":0,"55":0,"56":0,"57":0,"58":0,"59":0,"60":0,"61":0,"62":0,"63":0,"64":0,"65":0,"66":0,"67":0,"68":0,"69":0,"70":0,"71":0,"72":0,"73":0,"74":0,"75":0,"76":0,"77":0,"78":0,"79":0,"80":0,"81":0,"82":0,"83":0,"84":0,"85":0,"86":0,"87":0,"88":0,"89":0,"90":0,"91":0,"92":0,"93":0,"94":0,"95":0,"96":0,"97":0,"98":0,"99":0,"100":0,"101":0,"102":0,"103":0,"104":0},"f":{"0":0,"1":0,"2":0,"3":0,"4":0,"5":0,"6":0,"7":0,"8":0,"9":0,"10":0,"11":0,"12":0,"13":0,"14":0,"15":0,"16":0,"17":0},"b":{"0":[0,0],"1":[0,0],"2":[0,0],"3":[0,0],"4":[0,0],"5":[0,0],"6":[0,0],"7":[0,0],"8":[0,0],"9":[0,0],"10":[0,0]}}
,"/home/av/Documents/TFG/real-time-example/src/modules/workspace/workspace.handler.js": {"path":"/home/av/Documents/TFG/real-time-example/src/modules/workspace/workspace.handler.js","statementMap":{"0":{"start":{"line":1,"column":15},"end":{"line":1,"column":44}},"1":{"start":{"line":2,"column":23},"end":{"line":2,"column":56}},"2":{"start":{"line":3,"column":21},"end":{"line":3,"column":52}},"3":{"start":{"line":6,"column":25},"end":{"line":6,"column":27}},"4":{"start":{"line":7,"column":21},"end":{"line":7,"column":30}},"5":{"start":{"line":18,"column":4},"end":{"line":18,"column":17}},"6":{"start":{"line":19,"column":4},"end":{"line":19,"column":37}},"7":{"start":{"line":27,"column":4},"end":{"line":27,"column":116}},"8":{"start":{"line":27,"column":59},"end":{"line":27,"column":114}},"9":{"start":{"line":28,"column":4},"end":{"line":28,"column":98}},"10":{"start":{"line":28,"column":50},"end":{"line":28,"column":96}},"11":{"start":{"line":29,"column":4},"end":{"line":29,"column":105}},"12":{"start":{"line":29,"column":54},"end":{"line":29,"column":103}},"13":{"start":{"line":39,"column":22},"end":{"line":39,"column":32}},"14":{"start":{"line":41,"column":4},"end":{"line":101,"column":5}},"15":{"start":{"line":42,"column":6},"end":{"line":47,"column":43}},"16":{"start":{"line":50,"column":6},"end":{"line":52,"column":7}},"17":{"start":{"line":51,"column":8},"end":{"line":51,"column":50}},"18":{"start":{"line":53,"column":6},"end":{"line":53,"column":61}},"19":{"start":{"line":56,"column":23},"end":{"line":56,"column":65}},"20":{"start":{"line":57,"column":29},"end":{"line":57,"column":67}},"21":{"start":{"line":58,"column":6},"end":{"line":58,"column":43}},"22":{"start":{"line":59,"column":6},"end":{"line":59,"column":55}},"23":{"start":{"line":62,"column":6},"end":{"line":64,"column":7}},"24":{"start":{"line":63,"column":8},"end":{"line":63,"column":49}},"25":{"start":{"line":65,"column":6},"end":{"line":65,"column":68}},"26":{"start":{"line":68,"column":6},"end":{"line":68,"column":31}},"27":{"start":{"line":71,"column":29},"end":{"line":71,"column":58}},"28":{"start":{"line":74,"column":6},"end":{"line":74,"column":70}},"29":{"start":{"line":75,"column":6},"end":{"line":75,"column":60}},"30":{"start":{"line":78,"column":6},"end":{"line":78,"column":67}},"31":{"start":{"line":79,"column":6},"end":{"line":79,"column":80}},"32":{"start":{"line":81,"column":6},"end":{"line":86,"column":53}},"33":{"start":{"line":88,"column":6},"end":{"line":92,"column":41}},"34":{"start":{"line":94,"column":6},"end":{"line":98,"column":9}},"35":{"start":{"line":100,"column":6},"end":{"line":100,"column":96}},"36":{"start":{"line":110,"column":22},"end":{"line":110,"column":32}},"37":{"start":{"line":112,"column":4},"end":{"line":176,"column":5}},"38":{"start":{"line":113,"column":6},"end":{"line":116,"column":43}},"39":{"start":{"line":119,"column":21},"end":{"line":119,"column":25}},"40":{"start":{"line":120,"column":6},"end":{"line":123,"column":7}},"41":{"start":{"line":121,"column":8},"end":{"line":121,"column":64}},"42":{"start":{"line":122,"column":8},"end":{"line":122,"column":56}},"43":{"start":{"line":126,"column":23},"end":{"line":126,"column":65}},"44":{"start":{"line":127,"column":29},"end":{"line":127,"column":67}},"45":{"start":{"line":129,"column":6},"end":{"line":133,"column":7}},"46":{"start":{"line":130,"column":8},"end":{"line":130,"column":57}},"47":{"start":{"line":131,"column":8},"end":{"line":131,"column":41}},"48":{"start":{"line":132,"column":8},"end":{"line":132,"column":57}},"49":{"start":{"line":136,"column":6},"end":{"line":138,"column":7}},"50":{"start":{"line":137,"column":8},"end":{"line":137,"column":70}},"51":{"start":{"line":141,"column":6},"end":{"line":141,"column":32}},"52":{"start":{"line":144,"column":6},"end":{"line":153,"column":7}},"53":{"start":{"line":145,"column":8},"end":{"line":145,"column":60}},"54":{"start":{"line":148,"column":31},"end":{"line":148,"column":60}},"55":{"start":{"line":149,"column":8},"end":{"line":149,"column":72}},"56":{"start":{"line":152,"column":8},"end":{"line":152,"column":67}},"57":{"start":{"line":155,"column":6},"end":{"line":155,"column":81}},"58":{"start":{"line":157,"column":6},"end":{"line":161,"column":54}},"59":{"start":{"line":163,"column":6},"end":{"line":167,"column":41}},"60":{"start":{"line":169,"column":6},"end":{"line":173,"column":9}},"61":{"start":{"line":175,"column":6},"end":{"line":175,"column":96}},"62":{"start":{"line":185,"column":22},"end":{"line":185,"column":32}},"63":{"start":{"line":187,"column":4},"end":{"line":221,"column":5}},"64":{"start":{"line":188,"column":6},"end":{"line":191,"column":47}},"65":{"start":{"line":194,"column":23},"end":{"line":194,"column":65}},"66":{"start":{"line":195,"column":29},"end":{"line":195,"column":67}},"67":{"start":{"line":196,"column":29},"end":{"line":196,"column":58}},"68":{"start":{"line":198,"column":6},"end":{"line":198,"column":53}},"69":{"start":{"line":200,"column":6},"end":{"line":200,"column":85}},"70":{"start":{"line":202,"column":6},"end":{"line":206,"column":44}},"71":{"start":{"line":208,"column":6},"end":{"line":212,"column":52}},"72":{"start":{"line":214,"column":6},"end":{"line":218,"column":9}},"73":{"start":{"line":220,"column":6},"end":{"line":220,"column":93}},"74":{"start":{"line":229,"column":4},"end":{"line":242,"column":5}},"75":{"start":{"line":231,"column":6},"end":{"line":236,"column":9}},"76":{"start":{"line":232,"column":8},"end":{"line":235,"column":9}},"77":{"start":{"line":234,"column":10},"end":{"line":234,"column":63}},"78":{"start":{"line":238,"column":6},"end":{"line":241,"column":54}},"79":{"start":{"line":246,"column":0},"end":{"line":246,"column":34}}},"fnMap":{"0":{"name":"(anonymous_0)","decl":{"start":{"line":17,"column":2},"end":{"line":17,"column":3}},"loc":{"start":{"line":17,"column":18},"end":{"line":20,"column":3}},"line":17},"1":{"name":"(anonymous_1)","decl":{"start":{"line":26,"column":2},"end":{"line":26,"column":3}},"loc":{"start":{"line":26,"column":27},"end":{"line":30,"column":3}},"line":26},"2":{"name":"(anonymous_2)","decl":{"start":{"line":27,"column":32},"end":{"line":27,"column":33}},"loc":{"start":{"line":27,"column":59},"end":{"line":27,"column":114}},"line":27},"3":{"name":"(anonymous_3)","decl":{"start":{"line":28,"column":33},"end":{"line":28,"column":34}},"loc":{"start":{"line":28,"column":50},"end":{"line":28,"column":96}},"line":28},"4":{"name":"(anonymous_4)","decl":{"start":{"line":29,"column":37},"end":{"line":29,"column":38}},"loc":{"start":{"line":29,"column":54},"end":{"line":29,"column":103}},"line":29},"5":{"name":"(anonymous_5)","decl":{"start":{"line":38,"column":2},"end":{"line":38,"column":3}},"loc":{"start":{"line":38,"column":59},"end":{"line":102,"column":3}},"line":38},"6":{"name":"(anonymous_6)","decl":{"start":{"line":109,"column":2},"end":{"line":109,"column":3}},"loc":{"start":{"line":109,"column":50},"end":{"line":177,"column":3}},"line":109},"7":{"name":"(anonymous_7)","decl":{"start":{"line":184,"column":2},"end":{"line":184,"column":3}},"loc":{"start":{"line":184,"column":53},"end":{"line":222,"column":3}},"line":184},"8":{"name":"(anonymous_8)","decl":{"start":{"line":228,"column":2},"end":{"line":228,"column":3}},"loc":{"start":{"line":228,"column":27},"end":{"line":243,"column":3}},"line":228},"9":{"name":"(anonymous_9)","decl":{"start":{"line":231,"column":44},"end":{"line":231,"column":45}},"loc":{"start":{"line":231,"column":67},"end":{"line":236,"column":7}},"line":231}},"branchMap":{"0":{"loc":{"start":{"line":50,"column":6},"end":{"line":52,"column":7}},"type":"if","locations":[{"start":{"line":50,"column":6},"end":{"line":52,"column":7}},{"start":{},"end":{}}],"line":50},"1":{"loc":{"start":{"line":57,"column":29},"end":{"line":57,"column":67}},"type":"binary-expr","locations":[{"start":{"line":57,"column":29},"end":{"line":57,"column":61}},{"start":{"line":57,"column":65},"end":{"line":57,"column":67}}],"line":57},"2":{"loc":{"start":{"line":62,"column":6},"end":{"line":64,"column":7}},"type":"if","locations":[{"start":{"line":62,"column":6},"end":{"line":64,"column":7}},{"start":{},"end":{}}],"line":62},"3":{"loc":{"start":{"line":120,"column":6},"end":{"line":123,"column":7}},"type":"if","locations":[{"start":{"line":120,"column":6},"end":{"line":123,"column":7}},{"start":{},"end":{}}],"line":120},"4":{"loc":{"start":{"line":127,"column":29},"end":{"line":127,"column":67}},"type":"binary-expr","locations":[{"start":{"line":127,"column":29},"end":{"line":127,"column":61}},{"start":{"line":127,"column":65},"end":{"line":127,"column":67}}],"line":127},"5":{"loc":{"start":{"line":129,"column":6},"end":{"line":133,"column":7}},"type":"if","locations":[{"start":{"line":129,"column":6},"end":{"line":133,"column":7}},{"start":{},"end":{}}],"line":129},"6":{"loc":{"start":{"line":130,"column":19},"end":{"line":130,"column":56}},"type":"binary-expr","locations":[{"start":{"line":130,"column":19},"end":{"line":130,"column":27}},{"start":{"line":130,"column":31},"end":{"line":130,"column":56}}],"line":130},"7":{"loc":{"start":{"line":136,"column":6},"end":{"line":138,"column":7}},"type":"if","locations":[{"start":{"line":136,"column":6},"end":{"line":138,"column":7}},{"start":{},"end":{}}],"line":136},"8":{"loc":{"start":{"line":136,"column":10},"end":{"line":136,"column":51}},"type":"binary-expr","locations":[{"start":{"line":136,"column":10},"end":{"line":136,"column":18}},{"start":{"line":136,"column":22},"end":{"line":136,"column":51}}],"line":136},"9":{"loc":{"start":{"line":144,"column":6},"end":{"line":153,"column":7}},"type":"if","locations":[{"start":{"line":144,"column":6},"end":{"line":153,"column":7}},{"start":{},"end":{}}],"line":144},"10":{"loc":{"start":{"line":195,"column":29},"end":{"line":195,"column":67}},"type":"binary-expr","locations":[{"start":{"line":195,"column":29},"end":{"line":195,"column":61}},{"start":{"line":195,"column":65},"end":{"line":195,"column":67}}],"line":195},"11":{"loc":{"start":{"line":232,"column":8},"end":{"line":235,"column":9}},"type":"if","locations":[{"start":{"line":232,"column":8},"end":{"line":235,"column":9}},{"start":{},"end":{}}],"line":232}},"s":{"0":0,"1":0,"2":0,"3":0,"4":0,"5":0,"6":0,"7":0,"8":0,"9":0,"10":0,"11":0,"12":0,"13":0,"14":0,"15":0,"16":0,"17":0,"18":0,"19":0,"20":0,"21":0,"22":0,"23":0,"24":0,"25":0,"26":0,"27":0,"28":0,"29":0,"30":0,"31":0,"32":0,"33":0,"34":0,"35":0,"36":0,"37":0,"38":0,"39":0,"40":0,"41":0,"42":0,"43":0,"44":0,"45":0,"46":0,"47":0,"48":0,"49":0,"50":0,"51":0,"52":0,"53":0,"54":0,"55":0,"56":0,"57":0,"58":0,"59":0,"60":0,"61":0,"62":0,"63":0,"64":0,"65":0,"66":0,"67":0,"68":0,"69":0,"70":0,"71":0,"72":0,"73":0,"74":0,"75":0,"76":0,"77":0,"78":0,"79":0},"f":{"0":0,"1":0,"2":0,"3":0,"4":0,"5":0,"6":0,"7":0,"8":0,"9":0},"b":{"0":[0,0],"1":[0,0],"2":[0,0],"3":[0,0],"4":[0,0],"5":[0,0],"6":[0,0],"7":[0,0],"8":[0,0],"9":[0,0],"10":[0,0],"11":[0,0]}}
,"/home/av/Documents/TFG/real-time-example/src/services/metrics.js": {"path":"/home/av/Documents/TFG/real-time-example/src/services/metrics.js","statementMap":{"0":{"start":{"line":1,"column":15},"end":{"line":1,"column":41}},"1":{"start":{"line":2,"column":21},"end":{"line":2,"column":39}},"2":{"start":{"line":10,"column":4},"end":{"line":72,"column":6}},"3":{"start":{"line":75,"column":4},"end":{"line":75,"column":51}},"4":{"start":{"line":75,"column":22},"end":{"line":75,"column":42}},"5":{"start":{"line":78,"column":4},"end":{"line":78,"column":56}},"6":{"start":{"line":78,"column":22},"end":{"line":78,"column":48}},"7":{"start":{"line":81,"column":4},"end":{"line":81,"column":49}},"8":{"start":{"line":81,"column":22},"end":{"line":81,"column":40}},"9":{"start":{"line":84,"column":4},"end":{"line":84,"column":61}},"10":{"start":{"line":84,"column":22},"end":{"line":84,"column":50}},"11":{"start":{"line":91,"column":4},"end":{"line":141,"column":5}},"12":{"start":{"line":93,"column":26},"end":{"line":93,"column":47}},"13":{"start":{"line":94,"column":6},"end":{"line":101,"column":8}},"14":{"start":{"line":104,"column":6},"end":{"line":106,"column":7}},"15":{"start":{"line":105,"column":8},"end":{"line":105,"column":61}},"16":{"start":{"line":109,"column":6},"end":{"line":124,"column":7}},"17":{"start":{"line":110,"column":25},"end":{"line":110,"column":43}},"18":{"start":{"line":111,"column":8},"end":{"line":118,"column":10}},"19":{"start":{"line":121,"column":8},"end":{"line":123,"column":9}},"20":{"start":{"line":122,"column":10},"end":{"line":122,"column":60}},"21":{"start":{"line":127,"column":18},"end":{"line":127,"column":28}},"22":{"start":{"line":128,"column":28},"end":{"line":128,"column":85}},"23":{"start":{"line":129,"column":6},"end":{"line":134,"column":7}},"24":{"start":{"line":130,"column":28},"end":{"line":130,"column":95}},"25":{"start":{"line":131,"column":8},"end":{"line":131,"column":86}},"26":{"start":{"line":132,"column":8},"end":{"line":132,"column":76}},"27":{"start":{"line":133,"column":8},"end":{"line":133,"column":56}},"28":{"start":{"line":137,"column":6},"end":{"line":137,"column":36}},"29":{"start":{"line":140,"column":6},"end":{"line":140,"column":89}},"30":{"start":{"line":148,"column":4},"end":{"line":235,"column":5}},"31":{"start":{"line":150,"column":6},"end":{"line":150,"column":32}},"32":{"start":{"line":150,"column":25},"end":{"line":150,"column":32}},"33":{"start":{"line":153,"column":27},"end":{"line":153,"column":59}},"34":{"start":{"line":156,"column":6},"end":{"line":200,"column":7}},"35":{"start":{"line":157,"column":8},"end":{"line":169,"column":10}},"36":{"start":{"line":172,"column":8},"end":{"line":174,"column":9}},"37":{"start":{"line":173,"column":10},"end":{"line":173,"column":59}},"38":{"start":{"line":176,"column":8},"end":{"line":180,"column":11}},"39":{"start":{"line":183,"column":8},"end":{"line":185,"column":9}},"40":{"start":{"line":184,"column":10},"end":{"line":184,"column":62}},"41":{"start":{"line":188,"column":8},"end":{"line":188,"column":73}},"42":{"start":{"line":189,"column":8},"end":{"line":189,"column":85}},"43":{"start":{"line":190,"column":8},"end":{"line":190,"column":79}},"44":{"start":{"line":193,"column":8},"end":{"line":199,"column":9}},"45":{"start":{"line":194,"column":10},"end":{"line":198,"column":12}},"46":{"start":{"line":203,"column":6},"end":{"line":232,"column":7}},"47":{"start":{"line":204,"column":8},"end":{"line":209,"column":11}},"48":{"start":{"line":212,"column":8},"end":{"line":214,"column":9}},"49":{"start":{"line":213,"column":10},"end":{"line":213,"column":46}},"50":{"start":{"line":216,"column":8},"end":{"line":216,"column":67}},"51":{"start":{"line":217,"column":13},"end":{"line":232,"column":7}},"52":{"start":{"line":219,"column":8},"end":{"line":224,"column":11}},"53":{"start":{"line":227,"column":8},"end":{"line":229,"column":9}},"54":{"start":{"line":228,"column":10},"end":{"line":228,"column":46}},"55":{"start":{"line":231,"column":8},"end":{"line":231,"column":97}},"56":{"start":{"line":234,"column":6},"end":{"line":234,"column":86}},"57":{"start":{"line":242,"column":4},"end":{"line":295,"column":5}},"58":{"start":{"line":243,"column":21},"end":{"line":243,"column":23}},"59":{"start":{"line":244,"column":25},"end":{"line":244,"column":55}},"60":{"start":{"line":247,"column":6},"end":{"line":255,"column":7}},"61":{"start":{"line":248,"column":8},"end":{"line":254,"column":11}},"62":{"start":{"line":258,"column":6},"end":{"line":266,"column":7}},"63":{"start":{"line":259,"column":8},"end":{"line":265,"column":11}},"64":{"start":{"line":269,"column":28},"end":{"line":270,"column":80}},"65":{"start":{"line":271,"column":6},"end":{"line":279,"column":7}},"66":{"start":{"line":272,"column":8},"end":{"line":278,"column":11}},"67":{"start":{"line":282,"column":6},"end":{"line":292,"column":7}},"68":{"start":{"line":283,"column":8},"end":{"line":286,"column":23}},"69":{"start":{"line":289,"column":8},"end":{"line":291,"column":11}},"70":{"start":{"line":290,"column":10},"end":{"line":290,"column":73}},"71":{"start":{"line":294,"column":6},"end":{"line":294,"column":75}},"72":{"start":{"line":302,"column":4},"end":{"line":337,"column":5}},"73":{"start":{"line":304,"column":6},"end":{"line":306,"column":7}},"74":{"start":{"line":305,"column":8},"end":{"line":305,"column":89}},"75":{"start":{"line":310,"column":27},"end":{"line":328,"column":7}},"76":{"start":{"line":331,"column":18},"end":{"line":331,"column":54}},"77":{"start":{"line":332,"column":6},"end":{"line":332,"column":61}},"78":{"start":{"line":334,"column":6},"end":{"line":334,"column":73}},"79":{"start":{"line":336,"column":6},"end":{"line":336,"column":82}},"80":{"start":{"line":347,"column":4},"end":{"line":347,"column":37}},"81":{"start":{"line":348,"column":4},"end":{"line":348,"column":38}},"82":{"start":{"line":351,"column":4},"end":{"line":356,"column":5}},"83":{"start":{"line":352,"column":6},"end":{"line":355,"column":8}},"84":{"start":{"line":359,"column":22},"end":{"line":359,"column":53}},"85":{"start":{"line":360,"column":26},"end":{"line":360,"column":58}},"86":{"start":{"line":361,"column":4},"end":{"line":364,"column":6}},"87":{"start":{"line":367,"column":4},"end":{"line":372,"column":5}},"88":{"start":{"line":368,"column":6},"end":{"line":371,"column":8}},"89":{"start":{"line":374,"column":4},"end":{"line":379,"column":36}},"90":{"start":{"line":388,"column":4},"end":{"line":388,"column":37}},"91":{"start":{"line":388,"column":20},"end":{"line":388,"column":37}},"92":{"start":{"line":390,"column":4},"end":{"line":390,"column":40}},"93":{"start":{"line":392,"column":4},"end":{"line":408,"column":5}},"94":{"start":{"line":393,"column":6},"end":{"line":393,"column":22}},"95":{"start":{"line":394,"column":11},"end":{"line":408,"column":5}},"96":{"start":{"line":395,"column":6},"end":{"line":395,"column":22}},"97":{"start":{"line":396,"column":11},"end":{"line":408,"column":5}},"98":{"start":{"line":397,"column":6},"end":{"line":397,"column":22}},"99":{"start":{"line":398,"column":11},"end":{"line":408,"column":5}},"100":{"start":{"line":399,"column":6},"end":{"line":399,"column":23}},"101":{"start":{"line":400,"column":11},"end":{"line":408,"column":5}},"102":{"start":{"line":401,"column":6},"end":{"line":401,"column":22}},"103":{"start":{"line":402,"column":11},"end":{"line":408,"column":5}},"104":{"start":{"line":403,"column":6},"end":{"line":403,"column":20}},"105":{"start":{"line":404,"column":11},"end":{"line":408,"column":5}},"106":{"start":{"line":405,"column":6},"end":{"line":405,"column":19}},"107":{"start":{"line":407,"column":6},"end":{"line":407,"column":21}},"108":{"start":{"line":416,"column":4},"end":{"line":416,"column":87}},"109":{"start":{"line":418,"column":4},"end":{"line":421,"column":38}},"110":{"start":{"line":430,"column":25},"end":{"line":430,"column":85}},"111":{"start":{"line":431,"column":4},"end":{"line":431,"column":29}},"112":{"start":{"line":432,"column":4},"end":{"line":432,"column":66}},"113":{"start":{"line":434,"column":4},"end":{"line":438,"column":36}},"114":{"start":{"line":447,"column":25},"end":{"line":447,"column":85}},"115":{"start":{"line":448,"column":4},"end":{"line":448,"column":32}},"116":{"start":{"line":450,"column":4},"end":{"line":454,"column":5}},"117":{"start":{"line":451,"column":6},"end":{"line":451,"column":68}},"118":{"start":{"line":453,"column":6},"end":{"line":453,"column":57}},"119":{"start":{"line":456,"column":4},"end":{"line":460,"column":38}},"120":{"start":{"line":470,"column":4},"end":{"line":470,"column":34}},"121":{"start":{"line":471,"column":4},"end":{"line":471,"column":87}},"122":{"start":{"line":473,"column":4},"end":{"line":489,"column":5}},"123":{"start":{"line":474,"column":6},"end":{"line":474,"column":67}},"124":{"start":{"line":477,"column":6},"end":{"line":479,"column":7}},"125":{"start":{"line":478,"column":8},"end":{"line":478,"column":56}},"126":{"start":{"line":482,"column":18},"end":{"line":482,"column":92}},"127":{"start":{"line":482,"column":79},"end":{"line":482,"column":88}},"128":{"start":{"line":483,"column":6},"end":{"line":483,"column":101}},"129":{"start":{"line":486,"column":30},"end":{"line":486,"column":96}},"130":{"start":{"line":486,"column":90},"end":{"line":486,"column":95}},"131":{"start":{"line":487,"column":18},"end":{"line":487,"column":59}},"132":{"start":{"line":488,"column":6},"end":{"line":488,"column":70}},"133":{"start":{"line":492,"column":4},"end":{"line":494,"column":5}},"134":{"start":{"line":497,"column":4},"end":{"line":499,"column":5}},"135":{"start":{"line":498,"column":6},"end":{"line":498,"column":102}},"136":{"start":{"line":508,"column":4},"end":{"line":508,"column":32}},"137":{"start":{"line":509,"column":4},"end":{"line":509,"column":83}},"138":{"start":{"line":512,"column":4},"end":{"line":516,"column":6}},"139":{"start":{"line":519,"column":4},"end":{"line":521,"column":5}},"140":{"start":{"line":520,"column":6},"end":{"line":520,"column":102}},"141":{"start":{"line":524,"column":4},"end":{"line":538,"column":5}},"142":{"start":{"line":526,"column":6},"end":{"line":532,"column":9}},"143":{"start":{"line":535,"column":6},"end":{"line":537,"column":7}},"144":{"start":{"line":536,"column":8},"end":{"line":536,"column":44}},"145":{"start":{"line":540,"column":4},"end":{"line":540,"column":68}},"146":{"start":{"line":547,"column":22},"end":{"line":547,"column":46}},"147":{"start":{"line":548,"column":21},"end":{"line":554,"column":5}},"148":{"start":{"line":556,"column":4},"end":{"line":556,"column":52}},"149":{"start":{"line":559,"column":4},"end":{"line":561,"column":5}},"150":{"start":{"line":560,"column":6},"end
[...]
olumn":3}},"loc":{"start":{"line":741,"column":16},"end":{"line":754,"column":3}},"line":741}},"branchMap":{"0":{"loc":{"start":{"line":43,"column":6},"end":{"line":59,"column":7}},"type":"if","locations":[{"start":{"line":43,"column":6},"end":{"line":59,"column":7}},{"start":{},"end":{}}],"line":43},"1":{"loc":{"start":{"line":45,"column":8},"end":{"line":58,"column":9}},"type":"if","locations":[{"start":{"line":45,"column":8},"end":{"line":58,"column":9}},{"start":{"line":53,"column":15},"end":{"line":58,"column":9}}],"line":45},"2":{"loc":{"start":{"line":116,"column":4},"end":{"line":146,"column":5}},"type":"if","locations":[{"start":{"line":116,"column":4},"end":{"line":146,"column":5}},{"start":{"line":135,"column":11},"end":{"line":146,"column":5}}],"line":116},"3":{"loc":{"start":{"line":155,"column":4},"end":{"line":165,"column":5}},"type":"if","locations":[{"start":{"line":155,"column":4},"end":{"line":165,"column":5}},{"start":{},"end":{}}],"line":155},"4":{"loc":{"start":{"line":174,"column":4},"end":{"line":186,"column":5}},"type":"if","locations":[{"start":{"line":174,"column":4},"end":{"line":186,"column":5}},{"start":{},"end":{}}],"line":174},"5":{"loc":{"start":{"line":176,"column":6},"end":{"line":184,"column":7}},"type":"if","locations":[{"start":{"line":176,"column":6},"end":{"line":184,"column":7}},{"start":{},"end":{}}],"line":176},"6":{"loc":{"start":{"line":195,"column":4},"end":{"line":195,"column":65}},"type":"if","locations":[{"start":{"line":195,"column":4},"end":{"line":195,"column":65}},{"start":{},"end":{}}],"line":195},"7":{"loc":{"start":{"line":195,"column":8},"end":{"line":195,"column":56}},"type":"binary-expr","locations":[{"start":{"line":195,"column":8},"end":{"line":195,"column":26}},{"start":{"line":195,"column":30},"end":{"line":195,"column":56}}],"line":195},"8":{"loc":{"start":{"line":201,"column":6},"end":{"line":204,"column":7}},"type":"if","locations":[{"start":{"line":201,"column":6},"end":{"line":204,"column":7}},{"start":{},"end":{}}],"line":201},"9":{"loc":{"start":{"line":207,"column":4},"end":{"line":212,"column":5}},"type":"if","locations":[{"start":{"line":207,"column":4},"end":{"line":212,"column":5}},{"start":{},"end":{}}],"line":207},"10":{"loc":{"start":{"line":222,"column":24},"end":{"line":222,"column":34}},"type":"default-arg","locations":[{"start":{"line":222,"column":30},"end":{"line":222,"column":34}}],"line":222},"11":{"loc":{"start":{"line":223,"column":4},"end":{"line":229,"column":5}},"type":"if","locations":[{"start":{"line":223,"column":4},"end":{"line":229,"column":5}},{"start":{},"end":{}}],"line":223},"12":{"loc":{"start":{"line":223,"column":8},"end":{"line":223,"column":57}},"type":"binary-expr","locations":[{"start":{"line":223,"column":8},"end":{"line":223,"column":25}},{"start":{"line":223,"column":29},"end":{"line":223,"column":57}}],"line":223},"13":{"loc":{"start":{"line":233,"column":8},"end":{"line":233,"column":65}},"type":"cond-expr","locations":[{"start":{"line":233,"column":36},"end":{"line":233,"column":57}},{"start":{"line":233,"column":60},"end":{"line":233,"column":65}}],"line":233},"14":{"loc":{"start":{"line":235,"column":6},"end":{"line":239,"column":7}},"type":"if","locations":[{"start":{"line":235,"column":6},"end":{"line":239,"column":7}},{"start":{"line":237,"column":13},"end":{"line":239,"column":7}}],"line":235},"15":{"loc":{"start":{"line":242,"column":6},"end":{"line":247,"column":7}},"type":"if","locations":[{"start":{"line":242,"column":6},"end":{"line":247,"column":7}},{"start":{},"end":{}}],"line":242},"16":{"loc":{"start":{"line":264,"column":17},"end":{"line":264,"column":29}},"type":"default-arg","locations":[{"start":{"line":264,"column":25},"end":{"line":264,"column":29}}],"line":264},"17":{"loc":{"start":{"line":264,"column":31},"end":{"line":264,"column":50}},"type":"default-arg","locations":[{"start":{"line":264,"column":45},"end":{"line":264,"column":50}}],"line":264},"18":{"loc":{"start":{"line":266,"column":4},"end":{"line":273,"column":5}},"type":"if","locations":[{"start":{"line":266,"column":4},"end":{"line":273,"column":5}},{"start":{},"end":{}}],"line":266},"19":{"loc":{"start":{"line":266,"column":8},"end":{"line":266,"column":41}},"type":"binary-expr","locations":[{"start":{"line":266,"column":8},"end":{"line":266,"column":25}},{"start":{"line":266,"column":29},"end":{"line":266,"column":41}}],"line":266},"20":{"loc":{"start":{"line":268,"column":6},"end":{"line":271,"column":7}},"type":"if","locations":[{"start":{"line":268,"column":6},"end":{"line":271,"column":7}},{"start":{},"end":{}}],"line":268},"21":{"loc":{"start":{"line":268,"column":10},"end":{"line":268,"column":46}},"type":"binary-expr","locations":[{"start":{"line":268,"column":10},"end":{"line":268,"column":16}},{"start":{"line":268,"column":20},"end":{"line":268,"column":46}}],"line":268},"22":{"loc":{"start":{"line":275,"column":4},"end":{"line":281,"column":5}},"type":"if","locations":[{"start":{"line":275,"column":4},"end":{"line":281,"column":5}},{"start":{},"end":{}}],"line":275},"23":{"loc":{"start":{"line":275,"column":8},"end":{"line":275,"column":57}},"type":"binary-expr","locations":[{"start":{"line":275,"column":8},"end":{"line":275,"column":25}},{"start":{"line":275,"column":29},"end":{"line":275,"column":57}}],"line":275},"24":{"loc":{"start":{"line":286,"column":6},"end":{"line":286,"column":30}},"type":"if","locations":[{"start":{"line":286,"column":6},"end":{"line":286,"column":30}},{"start":{},"end":{}}],"line":286},"25":{"loc":{"start":{"line":289,"column":6},"end":{"line":295,"column":7}},"type":"if","locations":[{"start":{"line":289,"column":6},"end":{"line":295,"column":7}},{"start":{},"end":{}}],"line":289},"26":{"loc":{"start":{"line":298,"column":6},"end":{"line":303,"column":7}},"type":"if","locations":[{"start":{"line":298,"column":6},"end":{"line":303,"column":7}},{"start":{},"end":{}}],"line":298},"27":{"loc":{"start":{"line":320,"column":4},"end":{"line":322,"column":5}},"type":"if","locations":[{"start":{"line":320,"column":4},"end":{"line":322,"column":5}},{"start":{},"end":{}}],"line":320},"28":{"loc":{"start":{"line":324,"column":4},"end":{"line":330,"column":5}},"type":"if","locations":[{"start":{"line":324,"column":4},"end":{"line":330,"column":5}},{"start":{},"end":{}}],"line":324},"29":{"loc":{"start":{"line":324,"column":8},"end":{"line":324,"column":57}},"type":"binary-expr","locations":[{"start":{"line":324,"column":8},"end":{"line":324,"column":25}},{"start":{"line":324,"column":29},"end":{"line":324,"column":57}}],"line":324},"30":{"loc":{"start":{"line":349,"column":4},"end":{"line":355,"column":5}},"type":"if","locations":[{"start":{"line":349,"column":4},"end":{"line":355,"column":5}},{"start":{},"end":{}}],"line":349},"31":{"loc":{"start":{"line":349,"column":8},"end":{"line":349,"column":57}},"type":"binary-expr","locations":[{"start":{"line":349,"column":8},"end":{"line":349,"column":25}},{"start":{"line":349,"column":29},"end":{"line":349,"column":57}}],"line":349},"32":{"loc":{"start":{"line":359,"column":8},"end":{"line":359,"column":71}},"type":"cond-expr","locations":[{"start":{"line":359,"column":38},"end":{"line":359,"column":61}},{"start":{"line":359,"column":64},"end":{"line":359,"column":71}}],"line":359},"33":{"loc":{"start":{"line":379,"column":4},"end":{"line":385,"column":5}},"type":"if","locations":[{"start":{"line":379,"column":4},"end":{"line":385,"column":5}},{"start":{},"end":{}}],"line":379},"34":{"loc":{"start":{"line":379,"column":8},"end":{"line":379,"column":57}},"type":"binary-expr","locations":[{"start":{"line":379,"column":8},"end":{"line":379,"column":25}},{"start":{"line":379,"column":29},"end":{"line":379,"column":57}}],"line":379},"35":{"loc":{"start":{"line":418,"column":4},"end":{"line":424,"column":5}},"type":"if","locations":[{"start":{"line":418,"column":4},"end":{"line":424,"column":5}},{"start":{},"end":{}}],"line":418},"36":{"loc":{"start":{"line":418,"column":8},"end":{"line":418,"column":57}},"type":"binary-expr","locations":[{"start":{"line":418,"column":8},"end":{"line":418,"column":25}},{"start":{"line":418,"column":29},"end":{"line":418,"column":57}}],"line":418},"37":{"loc":{"start":{"line":432,"column":6},"end":{"line":453,"column":7}},"type":"if","locations":[{"start":{"line":432,"column":6},"end":{"line":453,"column":7}},{"start":{"line":447,"column":13},"end":{"line":453,"column":7}}],"line":432},"38":{"loc":{"start":{"line":437,"column":10},"end":{"line":445,"column":11}},"type":"if","locations":[{"start":{"line":437,"column":10},"end":{"line":445,"column":11}},{"start":{"line":440,"column":17},"end":{"line":445,"column":11}}],"line":437},"39":{"loc":{"start":{"line":437,"column":14},"end":{"line":437,"column":50}},"type":"binary-expr","locations":[{"start":{"line":437,"column":14},"end":{"line":437,"column":20}},{"start":{"line":437,"column":24},"end":{"line":437,"column":50}}],"line":437},"40":{"loc":{"start":{"line":456,"column":6},"end":{"line":489,"column":7}},"type":"if","locations":[{"start":{"line":456,"column":6},"end":{"line":489,"column":7}},{"start":{},"end":{}}],"line":456},"41":{"loc":{"start":{"line":464,"column":10},"end":{"line":464,"column":31}},"type":"if","locations":[{"start":{"line":464,"column":10},"end":{"line":464,"column":31}},{"start":{},"end":{}}],"line":464},"42":{"loc":{"start":{"line":471,"column":12},"end":{"line":476,"column":13}},"type":"if","locations":[{"start":{"line":471,"column":12},"end":{"line":476,"column":13}},{"start":{},"end":{}}],"line":471},"43":{"loc":{"start":{"line":481,"column":12},"end":{"line":486,"column":13}},"type":"if","locations":[{"start":{"line":481,"column":12},"end":{"line":486,"column":13}},{"start":{},"end":{}}],"line":481},"44":{"loc":{"start":{"line":505,"column":22},"end":{"line":505,"column":32}},"type":"default-arg","locations":[{"start":{"line":505,"column":28},"end":{"line":505,"column":32}}],"line":505},"45":{"loc":{"start":{"line":506,"column":4},"end":{"line":512,"column":5}},"type":"if","locations":[{"start":{"line":506,"column":4},"end":{"line":512,"column":5}},{"start":{},"end":{}}],"line":506},"46":{"loc":{"start":{"line":506,"column":8},"end":{"line":506,"column":57}},"type":"binary-expr","locations":[{"start":{"line":506,"column":8},"end":{"line":506,"column":25}},{"start":{"line":506,"column":29},"end":{"line":506,"column":57}}],"line":506},"47":{"loc":{"start":{"line":519,"column":10},"end":{"line":519,"column":67}},"type":"cond-expr","locations":[{"start":{"line":519,"column":38},"end":{"line":519,"column":59}},{"start":{"line":519,"column":62},"end":{"line":519,"column":67}}],"line":519},"48":{"loc":{"start":{"line":520,"column":8},"end":{"line":524,"column":9}},"type":"if","locations":[{"start":{"line":520,"column":8},"end":{"line":524,"column":9}},{"start":{"line":522,"column":15},"end":{"line":524,"column":9}}],"line":520},"49":{"loc":{"start":{"line":527,"column":8},"end":{"line":532,"column":9}},"type":"if","locations":[{"start":{"line":527,"column":8},"end":{"line":532,"column":9}},{"start":{},"end":{}}],"line":527},"50":{"loc":{"start":{"line":550,"column":23},"end":{"line":550,"column":33}},"type":"default-arg","locations":[{"start":{"line":550,"column":32},"end":{"line":550,"column":33}}],"line":550},"51":{"loc":{"start":{"line":551,"column":4},"end":{"line":557,"column":5}},"type":"if","locations":[{"start":{"line":551,"column":4},"end":{"line":557,"column":5}},{"start":{},"end":{}}],"line":551},"52":{"loc":{"start":{"line":551,"column":8},"end":{"line":551,"column":57}},"type":"binary-expr","locations":[{"start":{"line":551,"column":8},"end":{"line":551,"column":25}},{"start":{"line":551,"column":29},"end":{"line":551,"column":57}}],"line":551},"53":{"loc":{"start":{"line":563,"column":6},"end":{"line":568,"column":7}},"type":"if","locations":[{"start":{"line":563,"column":6},"end":{"line":568,"column":7}},{"start":{},"end":{}}],"line":563},"54":{"loc":{"start":{"line":588,"column":4},"end":{"line":594,"column":5}},"type":"if","locations":[{"start":{"line":588,"column":4},"end":{"line":594,"column":5}},{"start":{},"end":{}}],"line":588},"55":{"loc":{"start":{"line":588,"column":8},"end":{"line":588,"column":57}},"type":"binary-expr","locations":[{"start":{"line":588,"column":8},"end":{"line":588,"column":25}},{"start":{"line":588,"column":29},"end":{"line":588,"column":57}}],"line":588},"56":{"loc":{"start":{"line":614,"column":4},"end":{"line":620,"column":5}},"type":"if","locations":[{"start":{"line":614,"column":4},"end":{"line":620,"column":5}},{"start":{},"end":{}}],"line":614},"57":{"loc":{"start":{"line":614,"column":8},"end":{"line":614,"column":57}},"type":"binary-expr","locations":[{"start":{"line":614,"column":8},"end":{"line":614,"column":25}},{"start":{"line":614,"column":29},"end":{"line":614,"column":57}}],"line":614},"58":{"loc":{"start":{"line":649,"column":6},"end":{"line":656,"column":7}},"type":"if","locations":[{"start":{"line":649,"column":6},"end":{"line":656,"column":7}},{"start":{},"end":{}}],"line":649},"59":{"loc":{"start":{"line":649,"column":10},"end":{"line":649,"column":47}},"type":"binary-expr","locations":[{"start":{"line":649,"column":10},"end":{"line":649,"column":27}},{"start":{"line":649,"column":31},"end":{"line":649,"column":47}}],"line":649},"60":{"loc":{"start":{"line":652,"column":17},"end":{"line":652,"column":78}},"type":"cond-expr","locations":[{"start":{"line":652,"column":36},"end":{"line":652,"column":61}},{"start":{"line":652,"column":64},"end":{"line":652,"column":78}}],"line":652},"61":{"loc":{"start":{"line":663,"column":6},"end":{"line":665,"column":7}},"type":"if","locations":[{"start":{"line":663,"column":6},"end":{"line":665,"column":7}},{"start":{},"end":{}}],"line":663},"62":{"loc":{"start":{"line":688,"column":19},"end":{"line":688,"column":31}},"type":"default-arg","locations":[{"start":{"line":688,"column":29},"end":{"line":688,"column":31}}],"line":688},"63":{"loc":{"start":{"line":689,"column":4},"end":{"line":699,"column":5}},"type":"if","locations":[{"start":{"line":689,"column":4},"end":{"line":699,"column":5}},{"start":{},"end":{}}],"line":689},"64":{"loc":{"start":{"line":693,"column":6},"end":{"line":698,"column":7}},"type":"if","locations":[{"start":{"line":693,"column":6},"end":{"line":698,"column":7}},{"start":{"line":696,"column":13},"end":{"line":698,"column":7}}],"line":693},"65":{"loc":{"start":{"line":701,"column":4},"end":{"line":704,"column":5}},"type":"if","locations":[{"start":{"line":701,"column":4},"end":{"line":704,"column":5}},{"start":{},"end":{}}],"line":701},"66":{"loc":{"start":{"line":701,"column":8},"end":{"line":701,"column":58}},"type":"binary-expr","locations":[{"start":{"line":701,"column":8},"end":{"line":701,"column":39}},{"start":{"line":701,"column":43},"end":{"line":701,"column":58}}],"line":701},"67":{"loc":{"start":{"line":718,"column":28},"end":{"line":718,"column":64}},"type":"cond-expr","locations":[{"start":{"line":718,"column":47},"end":{"line":718,"column":53}},{"start":{"line":718,"column":56},"end":{"line":718,"column":64}}],"line":718},"68":{"loc":{"start":{"line":726,"column":8},"end":{"line":731,"column":17}},"type":"cond-expr","locations":[{"start":{"line":727,"column":12},"end":{"line":730,"column":30}},{"start":{"line":731,"column":12},"end":{"line":731,"column":17}}],"line":726},"69":{"loc":{"start":{"line":732,"column":17},"end":{"line":734,"column":15}},"type":"cond-expr","locations":[{"start":{"line":733,"column":10},"end":{"line":733,"column":55}},{"start":{"line":734,"column":10},"end":{"line":734,"column":15}}],"line":732},"70":{"loc":{"start":{"line":742,"column":4},"end":{"line":753,"column":5}},"type":"if","locations":[{"start":{"line":742,"column":4},"end":{"line":753,"column":5}},{"start":{},"end":{}}],"line":742}},"s":{"0":0,"1":0,"2":0,"3":0,"4":0,"5":0,"6":0,"7":0,"8":0,"9":0,"10":0,"11":0,"12":0,"13":0,"14":0,"15":0,"16":0,"17":0,"18":0,"19":0,"20":0,"21":0,"22":0,"23":0,"24":0,"25":0,"26":0,"27":0,"28":0,"29":0,"30":0,"31":0,"32":0,"33":0,"34":0,"35":0,"36":0,"37":0,"38":0,"39":0,"40":0,"41":0,"42":0,"43":0,"44":0,"45":0,"46":0,"47":0,"48":0,"49":0,"50":0,"51":0,"52":0,"53":0,"54":0,"55":0,"56":0,"57":0,"58":0,"59":0,"60":0,"61":0,"62":0,"63":0,"64":0,"65":0,"66":0,"67":0,"68":0,"69":0,"70":0,"71":0,"72":0,"73":0,"74":0,"75":0,"76":0,"77":0,"78":0,"79":0,"80":0,"81":0,"82":0,"83":0,"84":0,"85":0,"86":0,"87":0,"88":0,"89":0,"90":0,"91":0,"92":0,"93":0,"94":0,"95":0,"96":0,"97":0,"98":0,"99":0,"100":0,"101":0,"102":0,"103":0,"104":0,"105":0,"106":0,"107":0,"108":0,"109":0,"110":0,"111":0,"112":0,"113":0,"114":0,"115":0,"116":0,"117":0,"118":0,"119":0,"120":0,"121":0,"122":0,"123":0,"124":0,"125":0,"126":0,"127":0,"128":0,"129":0,"130":0,"131":0,"132":0,"133":0,"134":0,"135":0,"136":0,"137":0,"138":0,"139":0,"140":0,"141":0,"142":0,"143":0,"144":0,"145":0,"146":0,"147":0,"148":0,"149":0,"150":0,"151":0,"152":0,"153":0,"154":0,"155":0,"156":0,"157":0,"158":0,"159":0,"160":0,"161":0,"162":0,"163":0,"164":0,"165":0,"166":0,"167":0,"168":0,"169":0,"170":0,"171":0,"172":0,"173":0,"174":0,"175":0,"176":0,"177":0,"178":0,"179":0,"180":0,"181":0,"182":0,"183":0,"184":0,"185":0,"186":0,"187":0,"188":0,"189":0,"190":0,"191":0,"192":0,"193":0,"194":0,"195":0,"196":0,"197":0,"198":0,"199":0,"200":0,"201":0,"202":0,"203":0,"204":0,"205":0,"206":0,"207":0,"208":0,"209":0,"210":0,"211":0,"212":0,"213":0,"214":0,"215":0,"216":0,"217":0,"218":0,"219":0,"220":0,"221":0,"222":0,"223":0,"224":0,"225":0,"226":0,"227":0,"228":0,"229":0,"230":0,"231":0,"232":0,"233":0,"234":0,"235":0,"236":0,"237":0,"238":0,"239":0,"240":0,"241":0,"242":0,"243":0,"244":0,"245":0,"246":0,"247":0,"248":0,"249":0,"250":0,"251":0,"252":0,"253":0,"254":0,"255":0,"256":0,"257":0,"258":0,"259":0,"260":0,"261":0,"262":0,"263":0,"264":0,"265":0,"266":0,"267":0,"268":0,"269":0,"270":0,"271":0,"272":0,"273":0,"274":0,"275":0,"276":0,"277":0,"278":0,"279":0,"280":0,"281":0,"282":0,"283":0,"284":0,"285":0,"286":0,"287":0,"288":0,"289":0,"290":0},"f":{"0":0,"1":0,"2":0,"3":0,"4":0,"5":0,"6":0,"7":0,"8":0,"9":0,"10":0,"11":0,"12":0,"13":0,"14":0,"15":0,"16":0,"17":0,"18":0,"19":0,"20":0,"21":0,"22":0,"23":0,"24":0,"25":0,"26":0,"27":0,"28":0,"29":0,"30":0,"31":0},"b":{"0":[0,0],"1":[0,0],"2":[0,0],"3":[0,0],"4":[0,0],"5":[0,0],"6":[0,0],"7":[0,0],"8":[0,0],"9":[0,0],"10":[0],"11":[0,0],"12":[0,0],"13":[0,0],"14":[0,0],"15":[0,0],"16":[0],"17":[0],"18":[0,0],"19":[0,0],"20":[0,0],"21":[0,0],"22":[0,0],"23":[0,0],"24":[0,0],"25":[0,0],"26":[0,0],"27":[0,0],"28":[0,0],"29":[0,0],"30":[0,0],"31":[0,0],"32":[0,0],"33":[0,0],"34":[0,0],"35":[0,0],"36":[0,0],"37":[0,0],"38":[0,0],"39":[0,0],"40":[0,0],"41":[0,0],"42":[0,0],"43":[0,0],"44":[0],"45":[0,0],"46":[0,0],"47":[0,0],"48":[0,0],"49":[0,0],"50":[0],"51":[0,0],"52":[0,0],"53":[0,0],"54":[0,0],"55":[0,0],"56":[0,0],"57":[0,0],"58":[0,0],"59":[0,0],"60":[0,0],"61":[0,0],"62":[0],"63":[0,0],"64":[0,0],"65":[0,0],"66":[0,0],"67":[0,0],"68":[0,0],"69":[0,0],"70":[0,0]}}
,"/home/av/Documents/TFG/real-time-example/src/utils/logger.js": {"path":"/home/av/Documents/TFG/real-time-example/src/utils/logger.js","statementMap":{"0":{"start":{"line":1,"column":13},"end":{"line":1,"column":28}},"1":{"start":{"line":2,"column":15},"end":{"line":2,"column":42}},"2":{"start":{"line":5,"column":18},"end":{"line":15,"column":1}},"3":{"start":{"line":18,"column":19},"end":{"line":20,"column":1}},"4":{"start":{"line":23,"column":21},"end":{"line":23,"column":81}},"5":{"start":{"line":26,"column":15},"end":{"line":26,"column":33}},"6":{"start":{"line":28,"column":0},"end":{"line":28,"column":24}}},"fnMap":{},"branchMap":{"0":{"loc":{"start":{"line":23,"column":21},"end":{"line":23,"column":81}},"type":"cond-expr","locations":[{"start":{"line":23,"column":59},"end":{"line":23,"column":69}},{"start":{"line":23,"column":72},"end":{"line":23,"column":81}}],"line":23}},"s":{"0":0,"1":0,"2":0,"3":0,"4":0,"5":0,"6":0},"f":{},"b":{"0":[0,0]}}
}
