TN:
SF:src/config/config.js
FNF:0
FNH:0
DA:1,0
DA:3,0
LF:2
LH:0
BRDA:4,0,0,0
BRDA:4,0,1,0
BRDA:5,1,0,0
BRDA:5,1,1,0
BRDA:7,2,0,0
BRDA:7,2,1,0
BRDA:11,3,0,0
BRDA:11,3,1,0
BRDA:12,4,0,0
BRDA:12,4,1,0
BRDA:15,5,0,0
BRDA:15,5,1,0
BRF:12
BRH:0
end_of_record
TN:
SF:src/middleware/auth.js
FN:16,(anonymous_0)
FN:47,(anonymous_1)
FN:62,(anonymous_2)
FN:137,(anonymous_3)
FN:156,(anonymous_4)
FNF:5
FNH:0
FNDA:0,(anonymous_0)
FNDA:0,(anonymous_1)
FNDA:0,(anonymous_2)
FNDA:0,(anonymous_3)
FNDA:0,(anonymous_4)
DA:1,0
DA:2,0
DA:3,0
DA:4,0
DA:7,0
DA:8,0
DA:9,0
DA:16,0
DA:17,0
DA:19,0
DA:20,0
DA:21,0
DA:24,0
DA:27,0
DA:28,0
DA:29,0
DA:30,0
DA:31,0
DA:35,0
DA:36,0
DA:39,0
DA:47,0
DA:48,0
DA:49,0
DA:50,0
DA:52,0
DA:53,0
DA:62,0
DA:63,0
DA:65,0
DA:69,0
DA:70,0
DA:71,0
DA:75,0
DA:78,0
DA:79,0
DA:80,0
DA:84,0
DA:85,0
DA:86,0
DA:87,0
DA:91,0
DA:97,0
DA:98,0
DA:99,0
DA:103,0
DA:104,0
DA:105,0
DA:107,0
DA:115,0
DA:118,0
DA:119,0
DA:120,0
DA:121,0
DA:122,0
DA:123,0
DA:126,0
DA:127,0
DA:137,0
DA:138,0
DA:140,0
DA:143,0
DA:147,0
DA:148,0
DA:150,0
DA:151,0
DA:156,0
DA:157,0
DA:158,0
DA:159,0
DA:160,0
DA:165,0
LF:72
LH:0
BRDA:19,0,0,0
BRDA:19,0,1,0
BRDA:27,1,0,0
BRDA:27,1,1,0
BRDA:65,2,0,0
BRDA:65,2,1,0
BRDA:69,3,0,0
BRDA:69,3,1,0
BRDA:75,4,0,0
BRDA:75,4,1,0
BRDA:78,5,0,0
BRDA:78,5,1,0
BRDA:85,6,0,0
BRDA:85,6,1,0
BRDA:97,7,0,0
BRDA:97,7,1,0
BRDA:97,8,0,0
BRDA:97,8,1,0
BRDA:118,9,0,0
BRDA:118,9,1,0
BRDA:121,10,0,0
BRDA:121,10,1,0
BRDA:137,11,0,0
BRDA:143,12,0,0
BRDA:143,12,1,0
BRDA:143,13,0,0
BRDA:143,13,1,0
BRDA:159,14,0,0
BRDA:159,14,1,0
BRF:29
BRH:0
end_of_record
TN:
SF:src/modules/chat/chat.handler.js
FN:17,(anonymous_0)
FN:31,(anonymous_1)
FN:32,(anonymous_2)
FN:33,(anonymous_3)
FN:34,(anonymous_4)
FN:42,(anonymous_5)
FN:137,(anonymous_6)
FN:185,(anonymous_7)
FN:230,(anonymous_8)
FN:231,(anonymous_9)
FN:235,(anonymous_10)
FN:236,(anonymous_11)
FN:257,(anonymous_12)
FN:281,(anonymous_13)
FN:298,(anonymous_14)
FN:328,(anonymous_15)
FN:331,(anonymous_16)
FNF:17
FNH:0
FNDA:0,(anonymous_0)
FNDA:0,(anonymous_1)
FNDA:0,(anonymous_2)
FNDA:0,(anonymous_3)
FNDA:0,(anonymous_4)
FNDA:0,(anonymous_5)
FNDA:0,(anonymous_6)
FNDA:0,(anonymous_7)
FNDA:0,(anonymous_8)
FNDA:0,(anonymous_9)
FNDA:0,(anonymous_10)
FNDA:0,(anonymous_11)
FNDA:0,(anonymous_12)
FNDA:0,(anonymous_13)
FNDA:0,(anonymous_14)
FNDA:0,(anonymous_15)
FNDA:0,(anonymous_16)
DA:1,0
DA:2,0
DA:3,0
DA:6,0
DA:7,0
DA:18,0
DA:19,0
DA:20,0
DA:21,0
DA:24,0
DA:32,0
DA:33,0
DA:34,0
DA:43,0
DA:45,0
DA:46,0
DA:48,0
DA:49,0
DA:54,0
DA:55,0
DA:58,0
DA:66,0
DA:77,0
DA:78,0
DA:80,0
DA:83,0
DA:84,0
DA:85,0
DA:89,0
DA:90,0
DA:91,0
DA:94,0
DA:95,0
DA:98,0
DA:101,0
DA:104,0
DA:107,0
DA:109,0
DA:111,0
DA:118,0
DA:123,0
DA:128,0
DA:138,0
DA:139,0
DA:141,0
DA:143,0
DA:150,0
DA:151,0
DA:154,0
DA:155,0
DA:158,0
DA:159,0
DA:160,0
DA:161,0
DA:164,0
DA:166,0
DA:168,0
DA:173,0
DA:186,0
DA:187,0
DA:189,0
DA:191,0
DA:198,0
DA:199,0
DA:200,0
DA:204,0
DA:205,0
DA:206,0
DA:207,0
DA:210,0
DA:212,0
DA:214,0
DA:219,0
DA:231,0
DA:232,0
DA:235,0
DA:236,0
DA:237,0
DA:238,0
DA:239,0
DA:262,0
DA:273,0
DA:282,0
DA:283,0
DA:289,0
DA:290,0
DA:293,0
DA:294,0
DA:298,0
DA:300,0
DA:302,0
DA:308,0
DA:314,0
DA:320,0
DA:329,0
DA:331,0
DA:335,0
DA:336,0
DA:337,0
DA:338,0
DA:339,0
DA:341,0
DA:349,0
DA:357,0
LF:104
LH:0
BRDA:48,0,0,0
BRDA:48,0,1,0
BRDA:48,1,0,0
BRDA:48,1,1,0
BRDA:48,1,2,0
BRDA:77,2,0,0
BRDA:77,2,1,0
BRDA:84,3,0,0
BRDA:84,3,1,0
BRDA:90,4,0,0
BRDA:90,4,1,0
BRDA:94,5,0,0
BRDA:94,5,1,0
BRDA:141,6,0,0
BRDA:141,6,1,0
BRDA:141,7,0,0
BRDA:141,7,1,0
BRDA:150,8,0,0
BRDA:150,8,1,0
BRDA:159,9,0,0
BRDA:159,9,1,0
BRDA:189,10,0,0
BRDA:189,10,1,0
BRDA:189,11,0,0
BRDA:189,11,1,0
BRDA:198,12,0,0
BRDA:198,12,1,0
BRDA:205,13,0,0
BRDA:205,13,1,0
BRDA:237,14,0,0
BRDA:237,14,1,0
BRDA:268,15,0,0
BRDA:268,15,1,0
BRDA:268,15,2,0
BRDA:293,16,0,0
BRDA:293,16,1,0
BRDA:293,17,0,0
BRDA:293,17,1,0
BRDA:294,18,0,0
BRDA:294,18,1,0
BRDA:335,19,0,0
BRDA:335,19,1,0
BRDA:337,20,0,0
BRDA:337,20,1,0
BRF:44
BRH:0
end_of_record
TN:
SF:src/modules/collection/collection.handler.js
FN:16,(anonymous_0)
FN:25,(anonymous_1)
FN:26,(anonymous_2)
FN:30,(anonymous_3)
FN:34,(anonymous_4)
FN:46,(anonymous_5)
FN:76,(anonymous_6)
FN:98,(anonymous_7)
FN:169,(anonymous_8)
FN:212,(anonymous_9)
FN:293,(anonymous_10)
FN:321,(anonymous_11)
FN:371,(anonymous_12)
FN:441,(anonymous_13)
FNF:14
FNH:0
FNDA:0,(anonymous_0)
FNDA:0,(anonymous_1)
FNDA:0,(anonymous_2)
FNDA:0,(anonymous_3)
FNDA:0,(anonymous_4)
FNDA:0,(anonymous_5)
FNDA:0,(anonymous_6)
FNDA:0,(anonymous_7)
FNDA:0,(anonymous_8)
FNDA:0,(anonymous_9)
FNDA:0,(anonymous_10)
FNDA:0,(anonymous_11)
FNDA:0,(anonymous_12)
FNDA:0,(anonymous_13)
DA:1,0
DA:2,0
DA:3,0
DA:6,0
DA:17,0
DA:18,0
DA:26,0
DA:27,0
DA:30,0
DA:31,0
DA:34,0
DA:35,0
DA:47,0
DA:49,0
DA:50,0
DA:62,0
DA:63,0
DA:66,0
DA:67,0
DA:70,0
DA:75,0
DA:76,0
DA:79,0
DA:81,0
DA:84,0
DA:85,0
DA:86,0
DA:87,0
DA:90,0
DA:91,0
DA:94,0
DA:97,0
DA:98,0
DA:102,0
DA:107,0
DA:112,0
DA:123,0
DA:134,0
DA:139,0
DA:149,0
DA:156,0
DA:170,0
DA:172,0
DA:173,0
DA:183,0
DA:187,0
DA:190,0
DA:192,0
DA:194,0
DA:197,0
DA:198,0
DA:199,0
DA:200,0
DA:203,0
DA:204,0
DA:207,0
DA:210,0
DA:212,0
DA:217,0
DA:222,0
DA:228,0
DA:229,0
DA:230,0
DA:232,0
DA:233,0
DA:237,0
DA:248,0
DA:259,0
DA:264,0
DA:274,0
DA:281,0
DA:294,0
DA:296,0
DA:297,0
DA:306,0
DA:307,0
DA:310,0
DA:312,0
DA:313,0
DA:316,0
DA:317,0
DA:320,0
DA:321,0
DA:325,0
DA:331,0
DA:336,0
DA:345,0
DA:354,0
DA:360,0
DA:372,0
DA:373,0
DA:381,0
DA:383,0
DA:384,0
DA:385,0
DA:387,0
DA:388,0
DA:390,0
DA:391,0
DA:401,0
DA:406,0
DA:407,0
DA:409,0
DA:411,0
DA:412,0
DA:415,0
DA:418,0
DA:419,0
DA:429,0
DA:432,0
DA:433,0
DA:436,0
DA:439,0
DA:441,0
DA:446,0
DA:451,0
DA:457,0
DA:458,0
DA:464,0
DA:475,0
LF:120
LH:0
BRDA:62,0,0,0
BRDA:62,0,1,0
BRDA:66,1,0,0
BRDA:66,1,1,0
BRDA:79,2,0,0
BRDA:79,2,1,0
BRDA:85,3,0,0
BRDA:85,3,1,0
BRDA:183,4,0,0
BRDA:183,4,1,0
BRDA:184,5,0,0
BRDA:184,5,1,0
BRDA:192,6,0,0
BRDA:192,6,1,0
BRDA:198,7,0,0
BRDA:198,7,1,0
BRDA:228,8,0,0
BRDA:228,8,1,0
BRDA:232,9,0,0
BRDA:232,9,1,0
BRDA:316,10,0,0
BRDA:316,10,1,0
BRDA:390,11,0,0
BRDA:390,11,1,0
BRDA:415,12,0,0
BRDA:415,12,1,0
BRDA:418,13,0,0
BRDA:418,13,1,0
BRDA:457,14,0,0
BRDA:457,14,1,0
BRF:30
BRH:0
end_of_record
TN:
SF:src/modules/note/note.handler.js
FN:17,(anonymous_0)
FN:26,(anonymous_1)
FN:27,(anonymous_2)
FN:31,(anonymous_3)
FN:35,(anonymous_4)
FN:39,(anonymous_5)
FN:52,(anonymous_6)
FN:76,(anonymous_7)
FN:113,(anonymous_8)
FN:150,(anonymous_9)
FN:163,(anonymous_10)
FN:183,(anonymous_11)
FN:226,(anonymous_12)
FN:238,(anonymous_13)
FN:292,(anonymous_14)
FN:352,(anonymous_15)
FN:355,(anonymous_16)
FN:356,(anonymous_17)
FNF:18
FNH:0
FNDA:0,(anonymous_0)
FNDA:0,(anonymous_1)
FNDA:0,(anonymous_2)
FNDA:0,(anonymous_3)
FNDA:0,(anonymous_4)
FNDA:0,(anonymous_5)
FNDA:0,(anonymous_6)
FNDA:0,(anonymous_7)
FNDA:0,(anonymous_8)
FNDA:0,(anonymous_9)
FNDA:0,(anonymous_10)
FNDA:0,(anonymous_11)
FNDA:0,(anonymous_12)
FNDA:0,(anonymous_13)
FNDA:0,(anonymous_14)
FNDA:0,(anonymous_15)
FNDA:0,(anonymous_16)
FNDA:0,(anonymous_17)
DA:1,0
DA:2,0
DA:3,0
DA:6,0
DA:7,0
DA:18,0
DA:19,0
DA:27,0
DA:28,0
DA:29,0
DA:31,0
DA:32,0
DA:33,0
DA:35,0
DA:37,0
DA:39,0
DA:40,0
DA:41,0
DA:53,0
DA:55,0
DA:56,0
DA:65,0
DA:66,0
DA:69,0
DA:70,0
DA:73,0
DA:76,0
DA:78,0
DA:80,0
DA:83,0
DA:87,0
DA:88,0
DA:91,0
DA:94,0
DA:95,0
DA:96,0
DA:99,0
DA:100,0
DA:105,0
DA:111,0
DA:113,0
DA:116,0
DA:118,0
DA:126,0
DA:133,0
DA:140,0
DA:151,0
DA:152,0
DA:159,0
DA:160,0
DA:163,0
DA:165,0
DA:167,0
DA:170,0
DA:173,0
DA:174,0
DA:177,0
DA:178,0
DA:181,0
DA:183,0
DA:187,0
DA:194,0
DA:203,0
DA:210,0
DA:227,0
DA:228,0
DA:236,0
DA:237,0
DA:238,0
DA:240,0
DA:241,0
DA:246,0
DA:250,0
DA:251,0
DA:259,0
DA:261,0
DA:266,0
DA:269,0
DA:276,0
DA:293,0
DA:295,0
DA:297,0
DA:298,0
DA:306,0
DA:310,0
DA:311,0
DA:314,0
DA:315,0
DA:321,0
DA:323,0
DA:330,0
DA:337,0
DA:344,0
DA:353,0
DA:355,0
DA:356,0
DA:358,0
DA:362,0
DA:363,0
DA:367,0
DA:375,0
LF:101
LH:0
BRDA:69,0,0,0
BRDA:69,0,1,0
BRDA:78,1,0,0
BRDA:78,1,1,0
BRDA:94,2,0,0
BRDA:94,2,1,0
BRDA:99,3,0,0
BRDA:99,3,1,0
BRDA:107,4,0,0
BRDA:107,4,1,0
BRDA:159,5,0,0
BRDA:159,5,1,0
BRDA:165,6,0,0
BRDA:165,6,1,0
BRDA:236,7,0,0
BRDA:236,7,1,0
BRDA:240,8,0,0
BRDA:240,8,1,0
BRDA:297,9,0,0
BRDA:297,9,1,0
BRDA:358,10,0,0
BRDA:358,10,1,0
BRF:22
BRH:0
end_of_record
TN:
SF:src/modules/workspace/workspace.handler.js
FN:17,(anonymous_0)
FN:26,(anonymous_1)
FN:27,(anonymous_2)
FN:28,(anonymous_3)
FN:29,(anonymous_4)
FN:38,(anonymous_5)
FN:109,(anonymous_6)
FN:184,(anonymous_7)
FN:228,(anonymous_8)
FN:231,(anonymous_9)
FNF:10
FNH:0
FNDA:0,(anonymous_0)
FNDA:0,(anonymous_1)
FNDA:0,(anonymous_2)
FNDA:0,(anonymous_3)
FNDA:0,(anonymous_4)
FNDA:0,(anonymous_5)
FNDA:0,(anonymous_6)
FNDA:0,(anonymous_7)
FNDA:0,(anonymous_8)
FNDA:0,(anonymous_9)
DA:1,0
DA:2,0
DA:3,0
DA:6,0
DA:7,0
DA:18,0
DA:19,0
DA:27,0
DA:28,0
DA:29,0
DA:39,0
DA:41,0
DA:42,0
DA:50,0
DA:51,0
DA:53,0
DA:56,0
DA:57,0
DA:58,0
DA:59,0
DA:62,0
DA:63,0
DA:65,0
DA:68,0
DA:71,0
DA:74,0
DA:75,0
DA:78,0
DA:79,0
DA:81,0
DA:88,0
DA:94,0
DA:100,0
DA:110,0
DA:112,0
DA:113,0
DA:119,0
DA:120,0
DA:121,0
DA:122,0
DA:126,0
DA:127,0
DA:129,0
DA:130,0
DA:131,0
DA:132,0
DA:136,0
DA:137,0
DA:141,0
DA:144,0
DA:145,0
DA:148,0
DA:149,0
DA:152,0
DA:155,0
DA:157,0
DA:163,0
DA:169,0
DA:175,0
DA:185,0
DA:187,0
DA:188,0
DA:194,0
DA:195,0
DA:196,0
DA:198,0
DA:200,0
DA:202,0
DA:208,0
DA:214,0
DA:220,0
DA:229,0
DA:231,0
DA:232,0
DA:234,0
DA:238,0
DA:246,0
LF:77
LH:0
BRDA:50,0,0,0
BRDA:50,0,1,0
BRDA:57,1,0,0
BRDA:57,1,1,0
BRDA:62,2,0,0
BRDA:62,2,1,0
BRDA:120,3,0,0
BRDA:120,3,1,0
BRDA:127,4,0,0
BRDA:127,4,1,0
BRDA:129,5,0,0
BRDA:129,5,1,0
BRDA:130,6,0,0
BRDA:130,6,1,0
BRDA:136,7,0,0
BRDA:136,7,1,0
BRDA:136,8,0,0
BRDA:136,8,1,0
BRDA:144,9,0,0
BRDA:144,9,1,0
BRDA:195,10,0,0
BRDA:195,10,1,0
BRDA:232,11,0,0
BRDA:232,11,1,0
BRF:24
BRH:0
end_of_record
TN:
SF:src/services/metrics.js
FN:9,(anonymous_0)
FN:75,(anonymous_1)
FN:78,(anonymous_2)
FN:81,(anonymous_3)
FN:84,(anonymous_4)
FN:90,(anonymous_5)
FN:147,(anonymous_6)
FN:241,(anonymous_7)
FN:289,(anonymous_8)
FN:301,(anonymous_9)
FN:346,(anonymous_10)
FN:387,(anonymous_11)
FN:415,(anonymous_12)
FN:429,(anonymous_13)
FN:446,(anonymous_14)
FN:469,(anonymous_15)
FN:482,(anonymous_16)
FN:486,(anonymous_17)
FN:507,(anonymous_18)
FN:546,(anonymous_19)
FN:570,(anonymous_20)
FN:596,(anonymous_21)
FN:613,(anonymous_22)
FN:616,(anonymous_23)
FNF:24
FNH:0
FNDA:0,(anonymous_0)
FNDA:0,(anonymous_1)
FNDA:0,(anonymous_2)
FNDA:0,(anonymous_3)
FNDA:0,(anonymous_4)
FNDA:0,(anonymous_5)
FNDA:0,(anonymous_6)
FNDA:0,(anonymous_7)
FNDA:0,(anonymous_8)
FNDA:0,(anonymous_9)
FNDA:0,(anonymous_10)
FNDA:0,(anonymous_11)
FNDA:0,(anonymous_12)
FNDA:0,(anonymous_13)
FNDA:0,(anonymous_14)
FNDA:0,(anonymous_15)
FNDA:0,(anonymous_16)
FNDA:0,(anonymous_17)
FNDA:0,(anonymous_18)
FNDA:0,(anonymous_19)
FNDA:0,(anonymous_20)
FNDA:0,(anonymous_21)
FNDA:0,(anonymous_22)
FNDA:0,(anonymous_23)
DA:1,0
DA:2,0
DA:10,0
DA:75,0
DA:78,0
DA:81,0
DA:84,0
DA:91,0
DA:93,0
DA:94,0
DA:104,0
DA:105,0
DA:109,0
DA:110,0
DA:111,0
DA:121,0
DA:122,0
DA:127,0
DA:128,0
DA:129,0
DA:130,0
DA:131,0
DA:132,0
DA:133,0
DA:137,0
DA:140,0
DA:148,0
DA:150,0
DA:153,0
DA:156,0
DA:157,0
DA:172,0
DA:173,0
DA:176,0
DA:183,0
DA:184,0
DA:188,0
DA:189,0
DA:190,0
DA:193,0
DA:194,0
DA:203,0
DA:204,0
DA:212,0
DA:213,0
DA:216,0
DA:217,0
DA:219,0
DA:227,0
DA:228,0
DA:231,0
DA:234,0
DA:242,0
DA:243,0
DA:244,0
DA:247,0
DA:248,0
DA:258,0
DA:259,0
DA:269,0
DA:271,0
DA:272,0
DA:282,0
DA:283,0
DA:289,0
DA:290,0
DA:294,0
DA:302,0
DA:304,0
DA:305,0
DA:310,0
DA:331,0
DA:332,0
DA:334,0
DA:336,0
DA:347,0
DA:348,0
DA:351,0
DA:352,0
DA:359,0
DA:360,0
DA:361,0
DA:367,0
DA:368,0
DA:374,0
DA:388,0
DA:390,0
DA:392,0
DA:393,0
DA:394,0
DA:395,0
DA:396,0
DA:397,0
DA:398,0
DA:399,0
DA:400,0
DA:401,0
DA:402,0
DA:403,0
DA:404,0
DA:405,0
DA:407,0
DA:416,0
DA:418,0
DA:430,0
DA:431,0
DA:432,0
DA:434,0
DA:447,0
DA:448,0
DA:450,0
DA:451,0
DA:453,0
DA:456,0
DA:470,0
DA:471,0
DA:473,0
DA:474,0
DA:477,0
DA:478,0
DA:482,0
DA:483,0
DA:486,0
DA:487,0
DA:488,0
DA:492,0
DA:497,0
DA:498,0
DA:508,0
DA:509,0
DA:512,0
DA:519,0
DA:520,0
DA:524,0
DA:526,0
DA:535,0
DA:536,0
DA:540,0
DA:547,0
DA:548,0
DA:556,0
DA:559,0
DA:560,0
DA:563,0
DA:571,0
DA:580,0
DA:581,0
DA:584,0
DA:585,0
DA:588,0
DA:598,0
DA:613,0
DA:616,0
DA:642,0
DA:643,0
DA:658,0
DA:659,0
DA:660,0
DA:661,0
DA:663,0
DA:668,0
DA:669,0
DA:672,0
DA:673,0
DA:677,0
DA:678,0
DA:679,0
DA:680,0
DA:686,0
DA:691,0
DA:696,0
DA:698,0
LF:172
LH:0
BRDA:104,0,0,0
BRDA:104,0,1,0
BRDA:109,1,0,0
BRDA:109,1,1,0
BRDA:121,2,0,0
BRDA:121,2,1,0
BRDA:129,3,0,0
BRDA:129,3,1,0
BRDA:150,4,0,0
BRDA:150,4,1,0
BRDA:156,5,0,0
BRDA:156,5,1,0
BRDA:172,6,0,0
BRDA:172,6,1,0
BRDA:183,7,0,0
BRDA:183,7,1,0
BRDA:193,8,0,0
BRDA:193,8,1,0
BRDA:203,9,0,0
BRDA:203,9,1,0
BRDA:206,10,0,0
BRDA:206,10,1,0
BRDA:212,11,0,0
BRDA:212,11,1,0
BRDA:217,12,0,0
BRDA:217,12,1,0
BRDA:227,13,0,0
BRDA:227,13,1,0
BRDA:247,14,0,0
BRDA:247,14,1,0
BRDA:258,15,0,0
BRDA:258,15,1,0
BRDA:271,16,0,0
BRDA:271,16,1,0
BRDA:282,17,0,0
BRDA:282,17,1,0
BRDA:304,18,0,0
BRDA:304,18,1,0
BRDA:346,19,0,0
BRDA:351,20,0,0
BRDA:351,20,1,0
BRDA:359,21,0,0
BRDA:359,21,1,0
BRDA:363,22,0,0
BRDA:363,22,1,0
BRDA:367,23,0,0
BRDA:367,23,1,0
BRDA:370,24,0,0
BRDA:370,24,1,0
BRDA:388,25,0,0
BRDA:388,25,1,0
BRDA:392,26,0,0
BRDA:392,26,1,0
BRDA:392,27,0,0
BRDA:392,27,1,0
BRDA:392,27,2,0
BRDA:394,28,0,0
BRDA:394,28,1,0
BRDA:394,29,0,0
BRDA:394,29,1,0
BRDA:396,30,0,0
BRDA:396,30,1,0
BRDA:398,31,0,0
BRDA:398,31,1,0
BRDA:400,32,0,0
BRDA:400,32,1,0
BRDA:402,33,0,0
BRDA:402,33,1,0
BRDA:404,34,0,0
BRDA:404,34,1,0
BRDA:404,35,0,0
BRDA:404,35,1,0
BRDA:430,36,0,0
BRDA:430,36,1,0
BRDA:447,37,0,0
BRDA:447,37,1,0
BRDA:450,38,0,0
BRDA:450,38,1,0
BRDA:469,39,0,0
BRDA:471,40,0,0
BRDA:471,40,1,0
BRDA:473,41,0,0
BRDA:473,41,1,0
BRDA:477,42,0,0
BRDA:477,42,1,0
BRDA:488,43,0,0
BRDA:488,43,1,0
BRDA:492,44,0,0
BRDA:492,44,1,0
BRDA:497,45,0,0
BRDA:497,45,1,0
BRDA:509,46,0,0
BRDA:509,46,1,0
BRDA:519,47,0,0
BRDA:519,47,1,0
BRDA:524,48,0,0
BRDA:524,48,1,0
BRDA:535,49,0,0
BRDA:535,49,1,0
BRDA:559,50,0,0
BRDA:559,50,1,0
BRDA:580,51,0,0
BRDA:580,51,1,0
BRDA:584,52,0,0
BRDA:584,52,1,0
BRDA:596,53,0,0
BRDA:642,54,0,0
BRDA:642,54,1,0
BRDA:645,55,0,0
BRDA:645,55,1,0
BRDA:646,56,0,0
BRDA:646,56,1,0
BRDA:647,57,0,0
BRDA:647,57,1,0
BRDA:648,58,0,0
BRDA:648,58,1,0
BRDA:658,59,0,0
BRDA:658,59,1,0
BRDA:672,60,0,0
BRDA:672,60,1,0
BRDA:677,61,0,0
BRDA:677,61,1,0
BRF:122
BRH:0
end_of_record
TN:
SF:src/services/redis.js
FN:11,(anonymous_0)
FN:34,(anonymous_1)
FN:40,(anonymous_2)
FN:65,(anonymous_3)
FN:73,(anonymous_4)
FN:77,(anonymous_5)
FN:88,(anonymous_6)
FN:94,(anonymous_7)
FN:115,(anonymous_8)
FN:134,(anonymous_9)
FN:142,(anonymous_10)
FN:153,(anonymous_11)
FN:173,(anonymous_12)
FN:194,(anonymous_13)
FN:222,(anonymous_14)
FN:264,(anonymous_15)
FN:318,(anonymous_16)
FN:348,(anonymous_17)
FN:378,(anonymous_18)
FN:391,(anonymous_19)
FN:417,(anonymous_20)
FN:423,(anonymous_21)
FN:450,(anonymous_22)
FN:495,(anonymous_23)
FN:505,(anonymous_24)
FN:550,(anonymous_25)
FN:587,(anonymous_26)
FN:613,(anonymous_27)
FN:642,(anonymous_28)
FN:688,(anonymous_29)
FN:715,(anonymous_30)
FN:741,(anonymous_31)
FNF:32
FNH:0
FNDA:0,(anonymous_0)
FNDA:0,(anonymous_1)
FNDA:0,(anonymous_2)
FNDA:0,(anonymous_3)
FNDA:0,(anonymous_4)
FNDA:0,(anonymous_5)
FNDA:0,(anonymous_6)
FNDA:0,(anonymous_7)
FNDA:0,(anonymous_8)
FNDA:0,(anonymous_9)
FNDA:0,(anonymous_10)
FNDA:0,(anonymous_11)
FNDA:0,(anonymous_12)
FNDA:0,(anonymous_13)
FNDA:0,(anonymous_14)
FNDA:0,(anonymous_15)
FNDA:0,(anonymous_16)
FNDA:0,(anonymous_17)
FNDA:0,(anonymous_18)
FNDA:0,(anonymous_19)
FNDA:0,(anonymous_20)
FNDA:0,(anonymous_21)
FNDA:0,(anonymous_22)
FNDA:0,(anonymous_23)
FNDA:0,(anonymous_24)
FNDA:0,(anonymous_25)
FNDA:0,(anonymous_26)
FNDA:0,(anonymous_27)
FNDA:0,(anonymous_28)
FNDA:0,(anonymous_29)
FNDA:0,(anonymous_30)
FNDA:0,(anonymous_31)
DA:1,0
DA:2,0
DA:3,0
DA:13,0
DA:14,0
DA:15,0
DA:16,0
DA:17,0
DA:20,0
DA:21,0
DA:22,0
DA:23,0
DA:24,0
DA:27,0
DA:28,0
DA:29,0
DA:30,0
DA:31,0
DA:34,0
DA:41,0
DA:43,0
DA:44,0
DA:45,0
DA:46,0
DA:52,0
DA:55,0
DA:56,0
DA:57,0
DA:61,0
DA:67,0
DA:73,0
DA:74,0
DA:77,0
DA:78,0
DA:79,0
DA:80,0
DA:81,0
DA:82,0
DA:88,0
DA:89,0
DA:90,0
DA:91,0
DA:94,0
DA:95,0
DA:96,0
DA:97,0
DA:101,0
DA:102,0
DA:104,0
DA:105,0
DA:106,0
DA:107,0
DA:116,0
DA:117,0
DA:121,0
DA:122,0
DA:123,0
DA:125,0
DA:134,0
DA:136,0
DA:138,0
DA:139,0
DA:142,0
DA:143,0
DA:144,0
DA:154,0
DA:155,0
DA:156,0
DA:157,0
DA:158,0
DA:174,0
DA:175,0
DA:176,0
DA:178,0
DA:179,0
DA:180,0
DA:183,0
DA:185,0
DA:187,0
DA:195,0
DA:197,0
DA:198,0
DA:200,0
DA:201,0
DA:202,0
DA:203,0
DA:207,0
DA:208,0
DA:223,0
DA:224,0
DA:228,0
DA:231,0
DA:233,0
DA:235,0
DA:236,0
DA:238,0
DA:242,0
DA:243,0
DA:249,0
DA:251,0
DA:252,0
DA:253,0
DA:266,0
DA:267,0
DA:268,0
DA:269,0
DA:270,0
DA:272,0
DA:275,0
DA:276,0
DA:280,0
DA:283,0
DA:284,0
DA:286,0
DA:288,0
DA:289,0
DA:290,0
DA:291,0
DA:293,0
DA:298,0
DA:299,0
DA:305,0
DA:307,0
DA:308,0
DA:309,0
DA:320,0
DA:321,0
DA:324,0
DA:325,0
DA:329,0
DA:332,0
DA:333,0
DA:334,0
DA:336,0
DA:337,0
DA:338,0
DA:349,0
DA:350,0
DA:354,0
DA:357,0
DA:359,0
DA:360,0
DA:361,0
DA:363,0
DA:364,0
DA:368,0
DA:379,0
DA:380,0
DA:384,0
DA:387,0
DA:388,0
DA:389,0
DA:391,0
DA:392,0
DA:393,0
DA:394,0
DA:396,0
DA:400,0
DA:401,0
DA:403,0
DA:404,0
DA:408,0
DA:418,0
DA:419,0
DA:423,0
DA:426,0
DA:428,0
DA:429,0
DA:430,0
DA:432,0
DA:433,0
DA:434,0
DA:435,0
DA:437,0
DA:438,0
DA:439,0
DA:441,0
DA:442,0
DA:443,0
DA:444,0
DA:449,0
DA:450,0
DA:451,0
DA:452,0
DA:456,0
DA:457,0
DA:459,0
DA:460,0
DA:461,0
DA:462,0
DA:464,0
DA:466,0
DA:467,0
DA:468,0
DA:471,0
DA:472,0
DA:478,0
DA:481,0
DA:482,0
DA:491,0
DA:493,0
DA:494,0
DA:495,0
DA:506,0
DA:507,0
DA:511,0
DA:514,0
DA:515,0
DA:517,0
DA:519,0
DA:520,0
DA:521,0
DA:523,0
DA:527,0
DA:528,0
DA:535,0
DA:536,0
DA:538,0
DA:539,0
DA:540,0
DA:551,0
DA:552,0
DA:556,0
DA:559,0
DA:560,0
DA:563,0
DA:564,0
DA:570,0
DA:572,0
DA:573,0
DA:577,0
DA:588,0
DA:589,0
DA:593,0
DA:596,0
DA:597,0
DA:599,0
DA:600,0
DA:604,0
DA:614,0
DA:615,0
DA:619,0
DA:622,0
DA:623,0
DA:625,0
DA:626,0
DA:630,0
DA:643,0
DA:644,0
DA:645,0
DA:646,0
DA:648,0
DA:649,0
DA:650,0
DA:659,0
DA:660,0
DA:663,0
DA:664,0
DA:667,0
DA:668,0
DA:669,0
DA:672,0
DA:689,0
DA:690,0
DA:693,0
DA:694,0
DA:695,0
DA:697,0
DA:701,0
DA:702,0
DA:703,0
DA:706,0
DA:716,0
DA:742,0
DA:743,0
DA:744,0
DA:745,0
DA:746,0
DA:748,0
DA:758,0
DA:760,0
LF:281
LH:0
BRDA:43,0,0,0
BRDA:43,0,1,0
BRDA:45,1,0,0
BRDA:45,1,1,0
BRDA:116,2,0,0
BRDA:116,2,1,0
BRDA:155,3,0,0
BRDA:155,3,1,0
BRDA:174,4,0,0
BRDA:174,4,1,0
BRDA:176,5,0,0
BRDA:176,5,1,0
BRDA:195,6,0,0
BRDA:195,6,1,0
BRDA:195,7,0,0
BRDA:195,7,1,0
BRDA:201,8,0,0
BRDA:201,8,1,0
BRDA:207,9,0,0
BRDA:207,9,1,0
BRDA:222,10,0,0
BRDA:223,11,0,0
BRDA:223,11,1,0
BRDA:223,12,0,0
BRDA:223,12,1,0
BRDA:233,13,0,0
BRDA:233,13,1,0
BRDA:235,14,0,0
BRDA:235,14,1,0
BRDA:242,15,0,0
BRDA:242,15,1,0
BRDA:264,16,0,0
BRDA:264,17,0,0
BRDA:266,18,0,0
BRDA:266,18,1,0
BRDA:266,19,0,0
BRDA:266,19,1,0
BRDA:268,20,0,0
BRDA:268,20,1,0
BRDA:268,21,0,0
BRDA:268,21,1,0
BRDA:275,22,0,0
BRDA:275,22,1,0
BRDA:275,23,0,0
BRDA:275,23,1,0
BRDA:286,24,0,0
BRDA:286,24,1,0
BRDA:289,25,0,0
BRDA:289,25,1,0
BRDA:298,26,0,0
BRDA:298,26,1,0
BRDA:320,27,0,0
BRDA:320,27,1,0
BRDA:324,28,0,0
BRDA:324,28,1,0
BRDA:324,29,0,0
BRDA:324,29,1,0
BRDA:349,30,0,0
BRDA:349,30,1,0
BRDA:349,31,0,0
BRDA:349,31,1,0
BRDA:359,32,0,0
BRDA:359,32,1,0
BRDA:379,33,0,0
BRDA:379,33,1,0
BRDA:379,34,0,0
BRDA:379,34,1,0
BRDA:418,35,0,0
BRDA:418,35,1,0
BRDA:418,36,0,0
BRDA:418,36,1,0
BRDA:432,37,0,0
BRDA:432,37,1,0
BRDA:437,38,0,0
BRDA:437,38,1,0
BRDA:437,39,0,0
BRDA:437,39,1,0
BRDA:456,40,0,0
BRDA:456,40,1,0
BRDA:464,41,0,0
BRDA:464,41,1,0
BRDA:471,42,0,0
BRDA:471,42,1,0
BRDA:481,43,0,0
BRDA:481,43,1,0
BRDA:505,44,0,0
BRDA:506,45,0,0
BRDA:506,45,1,0
BRDA:506,46,0,0
BRDA:506,46,1,0
BRDA:519,47,0,0
BRDA:519,47,1,0
BRDA:520,48,0,0
BRDA:520,48,1,0
BRDA:527,49,0,0
BRDA:527,49,1,0
BRDA:550,50,0,0
BRDA:551,51,0,0
BRDA:551,51,1,0
BRDA:551,52,0,0
BRDA:551,52,1,0
BRDA:563,53,0,0
BRDA:563,53,1,0
BRDA:588,54,0,0
BRDA:588,54,1,0
BRDA:588,55,0,0
BRDA:588,55,1,0
BRDA:614,56,0,0
BRDA:614,56,1,0
BRDA:614,57,0,0
BRDA:614,57,1,0
BRDA:649,58,0,0
BRDA:649,58,1,0
BRDA:649,59,0,0
BRDA:649,59,1,0
BRDA:652,60,0,0
BRDA:652,60,1,0
BRDA:663,61,0,0
BRDA:663,61,1,0
BRDA:688,62,0,0
BRDA:689,63,0,0
BRDA:689,63,1,0
BRDA:693,64,0,0
BRDA:693,64,1,0
BRDA:701,65,0,0
BRDA:701,65,1,0
BRDA:701,66,0,0
BRDA:701,66,1,0
BRDA:718,67,0,0
BRDA:718,67,1,0
BRDA:726,68,0,0
BRDA:726,68,1,0
BRDA:732,69,0,0
BRDA:732,69,1,0
BRDA:742,70,0,0
BRDA:742,70,1,0
BRF:136
BRH:0
end_of_record
TN:
SF:src/utils/logger.js
FNF:0
FNH:0
DA:1,0
DA:2,0
DA:5,0
DA:18,0
DA:23,0
DA:26,0
DA:28,0
LF:7
LH:0
BRDA:23,0,0,0
BRDA:23,0,1,0
BRF:2
BRH:0
end_of_record
